Cloning into 'citra'...
Submodule 'externals/boost' (https://github.com/citra-emu/ext-boost.git) registered for path 'externals/boost'
Submodule 'externals/inih/inih' (https://github.com/svn2github/inih) registered for path 'externals/inih/inih'
Submodule 'externals/nihstro' (https://github.com/neobrain/nihstro.git) registered for path 'externals/nihstro'
Cloning into 'externals/boost'...
Submodule path 'externals/boost': checked out '728a4d7d1c8b28355544ae829df9c4b5f28373c5'
Cloning into 'externals/inih/inih'...
Submodule path 'externals/inih/inih': checked out '603729dec89aaca42d7bd08f08bc333165b7d5d1'
Cloning into 'externals/nihstro'...
Submodule path 'externals/nihstro': checked out '4a78588b308564f7ebae193e0ae00d9a0d5741d5'
-- The C compiler identification is MSVC 18.0.31101.0
-- The CXX compiler identification is MSVC 18.0.31101.0
-- Check for working C compiler using: Visual Studio 12 2013
-- Check for working C compiler using: Visual Studio 12 2013 -- works
-- Detecting C compiler ABI info
-- Detecting C compiler ABI info - done
-- Check for working CXX compiler using: Visual Studio 12 2013
-- Check for working CXX compiler using: Visual Studio 12 2013 -- works
-- Detecting CXX compiler ABI info
-- Detecting CXX compiler ABI info - done
-- Detecting CXX compile features
-- Detecting CXX compile features - done
-- Cache compiler flags ignored, please edit CMakeLists.txt to change the flags.
-- libpng not found. Some debugging features have been disabled.
-- Could NOT find Boost
-- Boost 1.57.0 or newer not found, falling back to externals
-- Found OpenGL: opengl32  
CMake Warning at CMakeLists.txt:148 (find_package):
  By not providing "FindQt5.cmake" in CMAKE_MODULE_PATH this project has
  asked CMake to find a package configuration file provided by "Qt5", but
  CMake did not find one.

  Could not find a package configuration file provided by "Qt5" with any of
  the following names:

    Qt5Config.cmake
    qt5-config.cmake

  Add the installation prefix of "Qt5" to CMAKE_PREFIX_PATH or set "Qt5_DIR"
  to a directory containing one of the above files.  If "Qt5" provides a
  separate development package or SDK, be sure it has been installed.


CMake Error at C:/Program Files (x86)/CMake/share/cmake-3.2/Modules/FindQt4.cmake:1326 (message):
  Found unsuitable Qt version "" from NOTFOUND, this code requires Qt 4.x
Call Stack (most recent call first):
  CMakeLists.txt:154 (find_package)


-- Configuring incomplete, errors occurred!
See also "D:/Users/pbsds/Desktop/Programming/python/small projects/citra autobuilder/workspace/build/CMakeFiles/CMakeOutput.log".
-- Cache compiler flags ignored, please edit CMakeLists.txt to change the flags.
-- libpng not found. Some debugging features have been disabled.
-- Could NOT find Boost
-- Boost 1.57.0 or newer not found, falling back to externals
-- Configuring done
-- Generating done
-- Build files have been written to: D:/Users/pbsds/Desktop/Programming/python/small projects/citra autobuilder/workspace/build
Microsoft (R) Build Engine version 12.0.31101.0
[Microsoft .NET Framework, version 4.0.30319.34014]
Copyright (C) Microsoft Corporation. All rights reserved.

Building the projects in this solution one at a time. To enable parallel build, please add the "/m" switch.
Build started 3/11/2015 00:11:42.
Project "D:\Users\pbsds\Desktop\Programming\python\small projects\citra autobuilder\workspace\build\citra.sln" on node 1 (citra target(s)).
ValidateSolutionConfiguration:
  Building solution configuration "Debug|Win32".
ValidateProjects:
  The project "ALL_BUILD" is not selected for building in solution configuration "Debug|Win32".
Project "D:\Users\pbsds\Desktop\Programming\python\small projects\citra autobuilder\workspace\build\citra.sln" (1) is building "D:\Users\pbsds\Desktop\Programming\python\small projects\citra autobuilder\workspace\build\src\citra\citra.vcxproj.metaproj" (2) on node 1 (default targets).
Project "D:\Users\pbsds\Desktop\Programming\python\small projects\citra autobuilder\workspace\build\src\citra\citra.vcxproj.metaproj" (2) is building "D:\Users\pbsds\Desktop\Programming\python\small projects\citra autobuilder\workspace\build\ZERO_CHECK.vcxproj" (3) on node 1 (default targets).
PrepareForBuild:
  Creating directory "Win32\Debug\ZERO_CHECK\".
  Creating directory "D:\Users\pbsds\Desktop\Programming\python\small projects\citra autobuilder\workspace\build\Debug\".
  Creating directory "Win32\Debug\ZERO_CHECK\ZERO_CHECK.tlog\".
InitializeBuildStatus:
  Creating "Win32\Debug\ZERO_CHECK\ZERO_CHECK.tlog\unsuccessfulbuild" because "AlwaysCreate" was specified.
CustomBuild:
  Checking Build System
  CMake does not need to re-run because D:/Users/pbsds/Desktop/Programming/python/small projects/citra autobuilder/workspace/build/CMakeFiles/generate.stamp is up-to-date.
  CMake does not need to re-run because D:/Users/pbsds/Desktop/Programming/python/small projects/citra autobuilder/workspace/build/externals/inih/CMakeFiles/generate.stamp is up-to-date.
  CMake does not need to re-run because D:/Users/pbsds/Desktop/Programming/python/small projects/citra autobuilder/workspace/build/src/CMakeFiles/generate.stamp is up-to-date.
  CMake does not need to re-run because D:/Users/pbsds/Desktop/Programming/python/small projects/citra autobuilder/workspace/build/src/common/CMakeFiles/generate.stamp is up-to-date.
  CMake does not need to re-run because D:/Users/pbsds/Desktop/Programming/python/small projects/citra autobuilder/workspace/build/src/core/CMakeFiles/generate.stamp is up-to-date.
  CMake does not need to re-run because D:/Users/pbsds/Desktop/Programming/python/small projects/citra autobuilder/workspace/build/src/video_core/CMakeFiles/generate.stamp is up-to-date.
  CMake does not need to re-run because D:/Users/pbsds/Desktop/Programming/python/small projects/citra autobuilder/workspace/build/src/citra/CMakeFiles/generate.stamp is up-to-date.
FinalizeBuildStatus:
  Deleting file "Win32\Debug\ZERO_CHECK\ZERO_CHECK.tlog\unsuccessfulbuild".
  Touching "Win32\Debug\ZERO_CHECK\ZERO_CHECK.tlog\ZERO_CHECK.lastbuildstate".
Done Building Project "D:\Users\pbsds\Desktop\Programming\python\small projects\citra autobuilder\workspace\build\ZERO_CHECK.vcxproj" (default targets).
Project "D:\Users\pbsds\Desktop\Programming\python\small projects\citra autobuilder\workspace\build\src\citra\citra.vcxproj.metaproj" (2) is building "D:\Users\pbsds\Desktop\Programming\python\small projects\citra autobuilder\workspace\build\src\common\common.vcxproj.metaproj" (4) on node 1 (default targets).
Project "D:\Users\pbsds\Desktop\Programming\python\small projects\citra autobuilder\workspace\build\src\common\common.vcxproj.metaproj" (4) is building "D:\Users\pbsds\Desktop\Programming\python\small projects\citra autobuilder\workspace\build\src\common\common.vcxproj" (5) on node 1 (default targets).
PrepareForBuild:
  Creating directory "common.dir\Debug\".
  Creating directory "D:\Users\pbsds\Desktop\Programming\python\small projects\citra autobuilder\workspace\build\src\common\Debug\".
  Creating directory "common.dir\Debug\common.tlog\".
InitializeBuildStatus:
  Creating "common.dir\Debug\common.tlog\unsuccessfulbuild" because "AlwaysCreate" was specified.
CustomBuild:
  Building Custom Rule D:/Users/pbsds/Desktop/Programming/python/small projects/citra autobuilder/workspace/citra/src/common/CMakeLists.txt
  CMake does not need to re-run because D:\Users\pbsds\Desktop\Programming\python\small projects\citra autobuilder\workspace\build\src\common\CMakeFiles\generate.stamp is up-to-date.
ClCompile:
  D:\Programs x32\Microsoft Visual Studio 12.0 2013\VC\bin\CL.exe /c /I"D:\Users\pbsds\Desktop\Programming\python\small projects\citra autobuilder\workspace\citra\externals\boost" /I"D:\Users\pbsds\Desktop\Programming\python\small projects\citra autobuilder\workspace\citra\externals\glfw-3.0.4.bin\include" /I"D:\Users\pbsds\Desktop\Programming\python\small projects\citra autobuilder\workspace\citra\externals\inih" /I"D:\Users\pbsds\Desktop\Programming\python\small projects\citra autobuilder\workspace\citra\externals\nihstro\include" /I"D:\Users\pbsds\Desktop\Programming\python\small projects\citra autobuilder\workspace\citra\src\." /Zi /nologo /W3 /WX- /Od /Ob0 /Oy- /D WIN32 /D _WINDOWS /D _DEBUG /D _CRT_SECURE_NO_WARNINGS /D SINGLETHREADED /D _DEBUG /D "CMAKE_INTDIR=\"Debug\"" /D _MBCS /Gm- /EHsc /RTC1 /MDd /GS /fp:precise /Zc:wchar_t /Zc:forScope /GR /Fo"common.dir\Debug\\" /Fd"common.dir\Debug\vc120.pdb" /Gd /TP /analyze- /errorReport:queue "D:\Users\pbsds\Desktop\Programming\python\small projects\citra autobuilder\workspace\citra\src\common\break_points.cpp" "D:\Users\pbsds\Desktop\Programming\python\small projects\citra autobuilder\workspace\citra\src\common\emu_window.cpp" "D:\Users\pbsds\Desktop\Programming\python\small projects\citra autobuilder\workspace\citra\src\common\file_util.cpp" "D:\Users\pbsds\Desktop\Programming\python\small projects\citra autobuilder\workspace\citra\src\common\hash.cpp" "D:\Users\pbsds\Desktop\Programming\python\small projects\citra autobuilder\workspace\citra\src\common\key_map.cpp" "D:\Users\pbsds\Desktop\Programming\python\small projects\citra autobuilder\workspace\citra\src\common\logging\filter.cpp" "D:\Users\pbsds\Desktop\Programming\python\small projects\citra autobuilder\workspace\citra\src\common\logging\text_formatter.cpp" "D:\Users\pbsds\Desktop\Programming\python\small projects\citra autobuilder\workspace\citra\src\common\logging\backend.cpp" "D:\Users\pbsds\Desktop\Programming\python\small projects\citra autobuilder\workspace\citra\src\common\math_util.cpp" "D:\Users\pbsds\Desktop\Programming\python\small projects\citra autobuilder\workspace\citra\src\common\mem_arena.cpp" "D:\Users\pbsds\Desktop\Programming\python\small projects\citra autobuilder\workspace\citra\src\common\memory_util.cpp" "D:\Users\pbsds\Desktop\Programming\python\small projects\citra autobuilder\workspace\citra\src\common\misc.cpp" "D:\Users\pbsds\Desktop\Programming\python\small projects\citra autobuilder\workspace\citra\src\common\profiler.cpp" "D:\Users\pbsds\Desktop\Programming\python\small projects\citra autobuilder\workspace\citra\src\common\scm_rev.cpp" "D:\Users\pbsds\Desktop\Programming\python\small projects\citra autobuilder\workspace\citra\src\common\string_util.cpp" "D:\Users\pbsds\Desktop\Programming\python\small projects\citra autobuilder\workspace\citra\src\common\symbols.cpp" "D:\Users\pbsds\Desktop\Programming\python\small projects\citra autobuilder\workspace\citra\src\common\thread.cpp" "D:\Users\pbsds\Desktop\Programming\python\small projects\citra autobuilder\workspace\citra\src\common\timer.cpp"
  break_points.cpp
  emu_window.cpp
  file_util.cpp
  hash.cpp
  key_map.cpp
  filter.cpp
  text_formatter.cpp
  backend.cpp
  math_util.cpp
  mem_arena.cpp
  memory_util.cpp
  misc.cpp
  profiler.cpp
  scm_rev.cpp
  string_util.cpp
  symbols.cpp
  thread.cpp
  timer.cpp
  Generating Code...
Lib:
  D:\Programs x32\Microsoft Visual Studio 12.0 2013\VC\bin\Lib.exe /OUT:"D:\Users\pbsds\Desktop\Programming\python\small projects\citra autobuilder\workspace\build\src\common\Debug\common.lib" /NOLOGO common.dir\Debug\break_points.obj
  common.dir\Debug\emu_window.obj
  common.dir\Debug\file_util.obj
  common.dir\Debug\hash.obj
  common.dir\Debug\key_map.obj
  common.dir\Debug\filter.obj
  common.dir\Debug\text_formatter.obj
  common.dir\Debug\backend.obj
  common.dir\Debug\math_util.obj
  common.dir\Debug\mem_arena.obj
  common.dir\Debug\memory_util.obj
  common.dir\Debug\misc.obj
  common.dir\Debug\profiler.obj
  common.dir\Debug\scm_rev.obj
  common.dir\Debug\string_util.obj
  common.dir\Debug\symbols.obj
  common.dir\Debug\thread.obj
  common.dir\Debug\timer.obj
  common.vcxproj -> D:\Users\pbsds\Desktop\Programming\python\small projects\citra autobuilder\workspace\build\src\common\Debug\common.lib
FinalizeBuildStatus:
  Deleting file "common.dir\Debug\common.tlog\unsuccessfulbuild".
  Touching "common.dir\Debug\common.tlog\common.lastbuildstate".
Done Building Project "D:\Users\pbsds\Desktop\Programming\python\small projects\citra autobuilder\workspace\build\src\common\common.vcxproj" (default targets).
Done Building Project "D:\Users\pbsds\Desktop\Programming\python\small projects\citra autobuilder\workspace\build\src\common\common.vcxproj.metaproj" (default targets).
Project "D:\Users\pbsds\Desktop\Programming\python\small projects\citra autobuilder\workspace\build\src\citra\citra.vcxproj.metaproj" (2) is building "D:\Users\pbsds\Desktop\Programming\python\small projects\citra autobuilder\workspace\build\src\core\core.vcxproj.metaproj" (6) on node 1 (default targets).
Project "D:\Users\pbsds\Desktop\Programming\python\small projects\citra autobuilder\workspace\build\src\core\core.vcxproj.metaproj" (6) is building "D:\Users\pbsds\Desktop\Programming\python\small projects\citra autobuilder\workspace\build\src\core\core.vcxproj" (7) on node 1 (default targets).
PrepareForBuild:
  Creating directory "core.dir\Debug\".
  Creating directory "D:\Users\pbsds\Desktop\Programming\python\small projects\citra autobuilder\workspace\build\src\core\Debug\".
  Creating directory "core.dir\Debug\core.tlog\".
InitializeBuildStatus:
  Creating "core.dir\Debug\core.tlog\unsuccessfulbuild" because "AlwaysCreate" was specified.
CustomBuild:
  Building Custom Rule D:/Users/pbsds/Desktop/Programming/python/small projects/citra autobuilder/workspace/citra/src/core/CMakeLists.txt
  CMake does not need to re-run because D:\Users\pbsds\Desktop\Programming\python\small projects\citra autobuilder\workspace\build\src\core\CMakeFiles\generate.stamp is up-to-date.
ClCompile:
  D:\Programs x32\Microsoft Visual Studio 12.0 2013\VC\bin\CL.exe /c /I"D:\Users\pbsds\Desktop\Programming\python\small projects\citra autobuilder\workspace\citra\externals\boost" /I"D:\Users\pbsds\Desktop\Programming\python\small projects\citra autobuilder\workspace\citra\externals\glfw-3.0.4.bin\include" /I"D:\Users\pbsds\Desktop\Programming\python\small projects\citra autobuilder\workspace\citra\externals\inih" /I"D:\Users\pbsds\Desktop\Programming\python\small projects\citra autobuilder\workspace\citra\externals\nihstro\include" /I"D:\Users\pbsds\Desktop\Programming\python\small projects\citra autobuilder\workspace\citra\src\." /Zi /nologo /W3 /WX- /Od /Ob0 /Oy- /D WIN32 /D _WINDOWS /D _DEBUG /D _CRT_SECURE_NO_WARNINGS /D SINGLETHREADED /D _DEBUG /D "CMAKE_INTDIR=\"Debug\"" /D _MBCS /Gm- /EHsc /RTC1 /MDd /GS /fp:precise /Zc:wchar_t /Zc:forScope /GR /Fo"core.dir\Debug\\" /Fd"core.dir\Debug\vc120.pdb" /Gd /TP /analyze- /errorReport:queue "D:\Users\pbsds\Desktop\Programming\python\small projects\citra autobuilder\workspace\citra\src\core\arm\disassembler\arm_disasm.cpp" "D:\Users\pbsds\Desktop\Programming\python\small projects\citra autobuilder\workspace\citra\src\core\arm\disassembler\load_symbol_map.cpp" "D:\Users\pbsds\Desktop\Programming\python\small projects\citra autobuilder\workspace\citra\src\core\arm\dyncom\arm_dyncom.cpp" "D:\Users\pbsds\Desktop\Programming\python\small projects\citra autobuilder\workspace\citra\src\core\arm\dyncom\arm_dyncom_dec.cpp" "D:\Users\pbsds\Desktop\Programming\python\small projects\citra autobuilder\workspace\citra\src\core\arm\dyncom\arm_dyncom_interpreter.cpp" "D:\Users\pbsds\Desktop\Programming\python\small projects\citra autobuilder\workspace\citra\src\core\arm\dyncom\arm_dyncom_run.cpp" "D:\Users\pbsds\Desktop\Programming\python\small projects\citra autobuilder\workspace\citra\src\core\arm\dyncom\arm_dyncom_thumb.cpp" "D:\Users\pbsds\Desktop\Programming\python\small projects\citra autobuilder\workspace\citra\src\core\arm\interpreter\armcopro.cpp" "D:\Users\pbsds\Desktop\Programming\python\small projects\citra autobuilder\workspace\citra\src\core\arm\interpreter\arminit.cpp" "D:\Users\pbsds\Desktop\Programming\python\small projects\citra autobuilder\workspace\citra\src\core\arm\interpreter\armsupp.cpp" "D:\Users\pbsds\Desktop\Programming\python\small projects\citra autobuilder\workspace\citra\src\core\arm\skyeye_common\vfp\vfp.cpp" "D:\Users\pbsds\Desktop\Programming\python\small projects\citra autobuilder\workspace\citra\src\core\arm\skyeye_common\vfp\vfpdouble.cpp" "D:\Users\pbsds\Desktop\Programming\python\small projects\citra autobuilder\workspace\citra\src\core\arm\skyeye_common\vfp\vfpinstr.cpp" "D:\Users\pbsds\Desktop\Programming\python\small projects\citra autobuilder\workspace\citra\src\core\arm\skyeye_common\vfp\vfpsingle.cpp" "D:\Users\pbsds\Desktop\Programming\python\small projects\citra autobuilder\workspace\citra\src\core\file_sys\archive_extsavedata.cpp" "D:\Users\pbsds\Desktop\Programming\python\small projects\citra autobuilder\workspace\citra\src\core\file_sys\archive_romfs.cpp" "D:\Users\pbsds\Desktop\Programming\python\small projects\citra autobuilder\workspace\citra\src\core\file_sys\archive_savedata.cpp" "D:\Users\pbsds\Desktop\Programming\python\small projects\citra autobuilder\workspace\citra\src\core\file_sys\archive_savedatacheck.cpp" "D:\Users\pbsds\Desktop\Programming\python\small projects\citra autobuilder\workspace\citra\src\core\file_sys\archive_sdmc.cpp" "D:\Users\pbsds\Desktop\Programming\python\small projects\citra autobuilder\workspace\citra\src\core\file_sys\archive_systemsavedata.cpp" "D:\Users\pbsds\Desktop\Programming\python\small projects\citra autobuilder\workspace\citra\src\core\file_sys\disk_archive.cpp" "D:\Users\pbsds\Desktop\Programming\python\small projects\citra autobuilder\workspace\citra\src\core\file_sys\ivfc_archive.cpp" "D:\Users\pbsds\Desktop\Programming\python\small projects\citra autobuilder\workspace\citra\src\core\hle\kernel\address_arbiter.cpp" "D:\Users\pbsds\Desktop\Programming\python\small projects\citra autobuilder\workspace\citra\src\core\hle\kernel\event.cpp" "D:\Users\pbsds\Desktop\Programming\python\small projects\citra autobuilder\workspace\citra\src\core\hle\kernel\kernel.cpp" "D:\Users\pbsds\Desktop\Programming\python\small projects\citra autobuilder\workspace\citra\src\core\hle\kernel\mutex.cpp" "D:\Users\pbsds\Desktop\Programming\python\small projects\citra autobuilder\workspace\citra\src\core\hle\kernel\semaphore.cpp" "D:\Users\pbsds\Desktop\Programming\python\small projects\citra autobuilder\workspace\citra\src\core\hle\kernel\session.cpp" "D:\Users\pbsds\Desktop\Programming\python\small projects\citra autobuilder\workspace\citra\src\core\hle\kernel\shared_memory.cpp" "D:\Users\pbsds\Desktop\Programming\python\small projects\citra autobuilder\workspace\citra\src\core\hle\kernel\timer.cpp" "D:\Users\pbsds\Desktop\Programming\python\small projects\citra autobuilder\workspace\citra\src\core\hle\kernel\thread.cpp" "D:\Users\pbsds\Desktop\Programming\python\small projects\citra autobuilder\workspace\citra\src\core\hle\service\ac_u.cpp" "D:\Users\pbsds\Desktop\Programming\python\small projects\citra autobuilder\workspace\citra\src\core\hle\service\act_u.cpp" "D:\Users\pbsds\Desktop\Programming\python\small projects\citra autobuilder\workspace\citra\src\core\hle\service\am_app.cpp" "D:\Users\pbsds\Desktop\Programming\python\small projects\citra autobuilder\workspace\citra\src\core\hle\service\am_net.cpp" "D:\Users\pbsds\Desktop\Programming\python\small projects\citra autobuilder\workspace\citra\src\core\hle\service\am_sys.cpp" "D:\Users\pbsds\Desktop\Programming\python\small projects\citra autobuilder\workspace\citra\src\core\hle\service\apt\apt.cpp" "D:\Users\pbsds\Desktop\Programming\python\small projects\citra autobuilder\workspace\citra\src\core\hle\service\apt\apt_a.cpp" "D:\Users\pbsds\Desktop\Programming\python\small projects\citra autobuilder\workspace\citra\src\core\hle\service\apt\apt_s.cpp" "D:\Users\pbsds\Desktop\Programming\python\small projects\citra autobuilder\workspace\citra\src\core\hle\service\apt\apt_u.cpp" "D:\Users\pbsds\Desktop\Programming\python\small projects\citra autobuilder\workspace\citra\src\core\hle\service\boss_p.cpp" "D:\Users\pbsds\Desktop\Programming\python\small projects\citra autobuilder\workspace\citra\src\core\hle\service\boss_u.cpp" "D:\Users\pbsds\Desktop\Programming\python\small projects\citra autobuilder\workspace\citra\src\core\hle\service\cam_u.cpp" "D:\Users\pbsds\Desktop\Programming\python\small projects\citra autobuilder\workspace\citra\src\core\hle\service\cecd_s.cpp" "D:\Users\pbsds\Desktop\Programming\python\small projects\citra autobuilder\workspace\citra\src\core\hle\service\cecd_u.cpp" "D:\Users\pbsds\Desktop\Programming\python\small projects\citra autobuilder\workspace\citra\src\core\hle\service\cfg\cfg.cpp" "D:\Users\pbsds\Desktop\Programming\python\small projects\citra autobuilder\workspace\citra\src\core\hle\service\cfg\cfg_i.cpp" "D:\Users\pbsds\Desktop\Programming\python\small projects\citra autobuilder\workspace\citra\src\core\hle\service\cfg\cfg_s.cpp" "D:\Users\pbsds\Desktop\Programming\python\small projects\citra autobuilder\workspace\citra\src\core\hle\service\cfg\cfg_u.cpp" "D:\Users\pbsds\Desktop\Programming\python\small projects\citra autobuilder\workspace\citra\src\core\hle\service\csnd_snd.cpp" "D:\Users\pbsds\Desktop\Programming\python\small projects\citra autobuilder\workspace\citra\src\core\hle\service\dsp_dsp.cpp" "D:\Users\pbsds\Desktop\Programming\python\small projects\citra autobuilder\workspace\citra\src\core\hle\service\err_f.cpp" "D:\Users\pbsds\Desktop\Programming\python\small projects\citra autobuilder\workspace\citra\src\core\hle\service\frd_a.cpp" "D:\Users\pbsds\Desktop\Programming\python\small projects\citra autobuilder\workspace\citra\src\core\hle\service\frd_u.cpp" "D:\Users\pbsds\Desktop\Programming\python\small projects\citra autobuilder\workspace\citra\src\core\hle\service\fs\archive.cpp" "D:\Users\pbsds\Desktop\Programming\python\small projects\citra autobuilder\workspace\citra\src\core\hle\service\fs\fs_user.cpp" "D:\Users\pbsds\Desktop\Programming\python\small projects\citra autobuilder\workspace\citra\src\core\hle\service\gsp_gpu.cpp" "D:\Users\pbsds\Desktop\Programming\python\small projects\citra autobuilder\workspace\citra\src\core\hle\service\hid\hid.cpp" "D:\Users\pbsds\Desktop\Programming\python\small projects\citra autobuilder\workspace\citra\src\core\hle\service\hid\hid_user.cpp" "D:\Users\pbsds\Desktop\Programming\python\small projects\citra autobuilder\workspace\citra\src\core\hle\service\hid\hid_spvr.cpp" "D:\Users\pbsds\Desktop\Programming\python\small projects\citra autobuilder\workspace\citra\src\core\hle\service\gsp_lcd.cpp" "D:\Users\pbsds\Desktop\Programming\python\small projects\citra autobuilder\workspace\citra\src\core\hle\service\http_c.cpp" "D:\Users\pbsds\Desktop\Programming\python\small projects\citra autobuilder\workspace\citra\src\core\hle\service\ir_rst.cpp" "D:\Users\pbsds\Desktop\Programming\python\small projects\citra autobuilder\workspace\citra\src\core\hle\service\ir_u.cpp" "D:\Users\pbsds\Desktop\Programming\python\small projects\citra autobuilder\workspace\citra\src\core\hle\service\ldr_ro.cpp" "D:\Users\pbsds\Desktop\Programming\python\small projects\citra autobuilder\workspace\citra\src\core\hle\service\mic_u.cpp" "D:\Users\pbsds\Desktop\Programming\python\small projects\citra autobuilder\workspace\citra\src\core\hle\service\ndm_u.cpp" "D:\Users\pbsds\Desktop\Programming\python\small projects\citra autobuilder\workspace\citra\src\core\hle\service\news_s.cpp" "D:\Users\pbsds\Desktop\Programming\python\small projects\citra autobuilder\workspace\citra\src\core\hle\service\news_u.cpp" "D:\Users\pbsds\Desktop\Programming\python\small projects\citra autobuilder\workspace\citra\src\core\hle\service\nim_aoc.cpp" "D:\Users\pbsds\Desktop\Programming\python\small projects\citra autobuilder\workspace\citra\src\core\hle\service\ns_s.cpp" "D:\Users\pbsds\Desktop\Programming\python\small projects\citra autobuilder\workspace\citra\src\core\hle\service\nwm_uds.cpp" "D:\Users\pbsds\Desktop\Programming\python\small projects\citra autobuilder\workspace\citra\src\core\hle\service\pm_app.cpp" "D:\Users\pbsds\Desktop\Programming\python\small projects\citra autobuilder\workspace\citra\src\core\hle\service\ptm\ptm.cpp" "D:\Users\pbsds\Desktop\Programming\python\small projects\citra autobuilder\workspace\citra\src\core\hle\service\ptm\ptm_play.cpp" "D:\Users\pbsds\Desktop\Programming\python\small projects\citra autobuilder\workspace\citra\src\core\hle\service\ptm\ptm_u.cpp" "D:\Users\pbsds\Desktop\Programming\python\small projects\citra autobuilder\workspace\citra\src\core\hle\service\ptm\ptm_sysm.cpp" "D:\Users\pbsds\Desktop\Programming\python\small projects\citra autobuilder\workspace\citra\src\core\hle\service\service.cpp" "D:\Users\pbsds\Desktop\Programming\python\small projects\citra autobuilder\workspace\citra\src\core\hle\service\soc_u.cpp" "D:\Users\pbsds\Desktop\Programming\python\small projects\citra autobuilder\workspace\citra\src\core\hle\service\srv.cpp" "D:\Users\pbsds\Desktop\Programming\python\small projects\citra autobuilder\workspace\citra\src\core\hle\service\ssl_c.cpp" "D:\Users\pbsds\Desktop\Programming\python\small projects\citra autobuilder\workspace\citra\src\core\hle\service\y2r_u.cpp" "D:\Users\pbsds\Desktop\Programming\python\small projects\citra autobuilder\workspace\citra\src\core\hle\config_mem.cpp" "D:\Users\pbsds\Desktop\Programming\python\small projects\citra autobuilder\workspace\citra\src\core\hle\hle.cpp" "D:\Users\pbsds\Desktop\Programming\python\small projects\citra autobuilder\workspace\citra\src\core\hle\shared_page.cpp" "D:\Users\pbsds\Desktop\Programming\python\small projects\citra autobuilder\workspace\citra\src\core\hle\svc.cpp" "D:\Users\pbsds\Desktop\Programming\python\small projects\citra autobuilder\workspace\citra\src\core\hw\gpu.cpp" "D:\Users\pbsds\Desktop\Programming\python\small projects\citra autobuilder\workspace\citra\src\core\hw\hw.cpp" "D:\Users\pbsds\Desktop\Programming\python\small projects\citra autobuilder\workspace\citra\src\core\hw\lcd.cpp" "D:\Users\pbsds\Desktop\Programming\python\small projects\citra autobuilder\workspace\citra\src\core\loader\elf.cpp" "D:\Users\pbsds\Desktop\Programming\python\small projects\citra autobuilder\workspace\citra\src\core\loader\loader.cpp" "D:\Users\pbsds\Desktop\Programming\python\small projects\citra autobuilder\workspace\citra\src\core\loader\ncch.cpp" "D:\Users\pbsds\Desktop\Programming\python\small projects\citra autobuilder\workspace\citra\src\core\loader\3dsx.cpp" "D:\Users\pbsds\Desktop\Programming\python\small projects\citra autobuilder\workspace\citra\src\core\core.cpp" "D:\Users\pbsds\Desktop\Programming\python\small projects\citra autobuilder\workspace\citra\src\core\core_timing.cpp" "D:\Users\pbsds\Desktop\Programming\python\small projects\citra autobuilder\workspace\citra\src\core\mem_map.cpp" "D:\Users\pbsds\Desktop\Programming\python\small projects\citra autobuilder\workspace\citra\src\core\mem_map_funcs.cpp" "D:\Users\pbsds\Desktop\Programming\python\small projects\citra autobuilder\workspace\citra\src\core\settings.cpp" "D:\Users\pbsds\Desktop\Programming\python\small projects\citra autobuilder\workspace\citra\src\core\system.cpp"
  arm_disasm.cpp
  load_symbol_map.cpp
  arm_dyncom.cpp
  arm_dyncom_dec.cpp
D:\Users\pbsds\Desktop\Programming\python\small projects\citra autobuilder\workspace\citra\src\core/arm/dyncom/arm_dyncom_dec.h(7): warning C4005: 'BITS' : macro redefinition [D:\Users\pbsds\Desktop\Programming\python\small projects\citra autobuilder\workspace\build\src\core\core.vcxproj]
          D:\Users\pbsds\Desktop\Programming\python\small projects\citra autobuilder\workspace\citra\src\core/arm/skyeye_common/armdefs.h(25) : see previous definition of 'BITS'
D:\Users\pbsds\Desktop\Programming\python\small projects\citra autobuilder\workspace\citra\src\core/arm/dyncom/arm_dyncom_dec.h(8): warning C4005: 'BIT' : macro redefinition [D:\Users\pbsds\Desktop\Programming\python\small projects\citra autobuilder\workspace\build\src\core\core.vcxproj]
          D:\Users\pbsds\Desktop\Programming\python\small projects\citra autobuilder\workspace\citra\src\core/arm/skyeye_common/armdefs.h(26) : see previous definition of 'BIT'
  arm_dyncom_interpreter.cpp
D:\Users\pbsds\Desktop\Programming\python\small projects\citra autobuilder\workspace\citra\src\core\arm\dyncom\arm_dyncom_interpreter.cpp(656): warning C4200: nonstandard extension used : zero-sized array in struct/union [D:\Users\pbsds\Desktop\Programming\python\small projects\citra autobuilder\workspace\build\src\core\core.vcxproj]
          Cannot generate copy-ctor or copy-assignment operator when UDT contains a zero-sized array
  arm_dyncom_run.cpp
  arm_dyncom_thumb.cpp
  armcopro.cpp
  arminit.cpp
  armsupp.cpp
  vfp.cpp
  vfpdouble.cpp
D:\Users\pbsds\Desktop\Programming\python\small projects\citra autobuilder\workspace\citra\src\core\arm\skyeye_common\vfp\vfpdouble.cpp(533): warning C4146: unary minus operator applied to unsigned type, result still unsigned [D:\Users\pbsds\Desktop\Programming\python\small projects\citra autobuilder\workspace\build\src\core\core.vcxproj]
D:\Users\pbsds\Desktop\Programming\python\small projects\citra autobuilder\workspace\citra\src\core\arm\skyeye_common\vfp\vfpdouble.cpp(671): warning C4146: unary minus operator applied to unsigned type, result still unsigned [D:\Users\pbsds\Desktop\Programming\python\small projects\citra autobuilder\workspace\build\src\core\core.vcxproj]
D:\Users\pbsds\Desktop\Programming\python\small projects\citra autobuilder\workspace\citra\src\core\arm\skyeye_common\vfp\vfpdouble.cpp(819): warning C4146: unary minus operator applied to unsigned type, result still unsigned [D:\Users\pbsds\Desktop\Programming\python\small projects\citra autobuilder\workspace\build\src\core\core.vcxproj]
  vfpinstr.cpp
  vfpsingle.cpp
D:\Users\pbsds\Desktop\Programming\python\small projects\citra autobuilder\workspace\citra\src\core\arm\skyeye_common\vfp\vfpsingle.cpp(391): warning C4804: '<<=' : unsafe use of type 'bool' in operation [D:\Users\pbsds\Desktop\Programming\python\small projects\citra autobuilder\workspace\build\src\core\core.vcxproj]
  archive_extsavedata.cpp
  archive_romfs.cpp
  archive_savedata.cpp
  archive_savedatacheck.cpp
D:\Users\pbsds\Desktop\Programming\python\small projects\citra autobuilder\workspace\citra\src\core\file_sys\archive_savedatacheck.cpp(40): warning C4244: 'argument' : conversion from 'u64' to 'size_t', possible loss of data [D:\Users\pbsds\Desktop\Programming\python\small projects\citra autobuilder\workspace\build\src\core\core.vcxproj]
D:\Programs x32\Microsoft Visual Studio 12.0 2013\VC\include\memory(932): warning C4244: 'argument' : conversion from 'u64' to 'unsigned int', possible loss of data [D:\Users\pbsds\Desktop\Programming\python\small projects\citra autobuilder\workspace\build\src\core\core.vcxproj]
          D:\Programs x32\Microsoft Visual Studio 12.0 2013\VC\include\memory(1003) : see reference to function template instantiation 'std::_Ref_count_obj<_Ty>::_Ref_count_obj<u64&>(u64 &)' being compiled
          with
          [
              _Ty=std::vector<u8,std::allocator<u8>>
          ]
          D:\Programs x32\Microsoft Visual Studio 12.0 2013\VC\include\memory(1003) : see reference to function template instantiation 'std::_Ref_count_obj<_Ty>::_Ref_count_obj<u64&>(u64 &)' being compiled
          with
          [
              _Ty=std::vector<u8,std::allocator<u8>>
          ]
          D:\Users\pbsds\Desktop\Programming\python\small projects\citra autobuilder\workspace\citra\src\core\file_sys\archive_savedatacheck.cpp(39) : see reference to function template instantiation 'std::shared_ptr<std::vector<u8,std::allocator<_Ty>>> std::make_shared<std::vector<_Ty,std::allocator<_Ty>>,u64&>(u64 &)' being compiled
          with
          [
              _Ty=u8
          ]
  archive_sdmc.cpp
  archive_systemsavedata.cpp
  Generating Code...
  Compiling...
  disk_archive.cpp
  ivfc_archive.cpp
  address_arbiter.cpp
  event.cpp
  kernel.cpp
  mutex.cpp
  semaphore.cpp
  session.cpp
  shared_memory.cpp
  timer.cpp
  thread.cpp
  ac_u.cpp
  act_u.cpp
  am_app.cpp
  am_net.cpp
  am_sys.cpp
  apt.cpp
  apt_a.cpp
  apt_s.cpp
  apt_u.cpp
  Generating Code...
  Compiling...
  boss_p.cpp
  boss_u.cpp
  cam_u.cpp
  cecd_s.cpp
  cecd_u.cpp
  cfg.cpp
D:\Users\pbsds\Desktop\Programming\python\small projects\citra autobuilder\workspace\citra\src\core\hle\service\cfg\cfg.cpp(214): warning C4996: 'std::basic_string<char16_t,std::char_traits<unsigned short>,std::allocator<char16_t>>::copy': Function call with parameters that may be unsafe - this call relies on the caller to check that the passed values are correct. To disable this warning, use -D_SCL_SECURE_NO_WARNINGS. See documentation on how to use Visual C++ 'Checked Iterators' [D:\Users\pbsds\Desktop\Programming\python\small projects\citra autobuilder\workspace\build\src\core\core.vcxproj]
          D:\Programs x32\Microsoft Visual Studio 12.0 2013\VC\include\xstring(1798) : see declaration of 'std::basic_string<char16_t,std::char_traits<unsigned short>,std::allocator<char16_t>>::copy'
  cfg_i.cpp
  cfg_s.cpp
  cfg_u.cpp
  csnd_snd.cpp
  dsp_dsp.cpp
  err_f.cpp
  frd_a.cpp
  frd_u.cpp
  archive.cpp
  fs_user.cpp
  gsp_gpu.cpp
  hid.cpp
  hid_user.cpp
  hid_spvr.cpp
  Generating Code...
  Compiling...
  gsp_lcd.cpp
  http_c.cpp
  ir_rst.cpp
  ir_u.cpp
  ldr_ro.cpp
  mic_u.cpp
  ndm_u.cpp
  news_s.cpp
  news_u.cpp
  nim_aoc.cpp
  ns_s.cpp
  nwm_uds.cpp
  pm_app.cpp
  ptm.cpp
  ptm_play.cpp
  ptm_u.cpp
  ptm_sysm.cpp
  service.cpp
  soc_u.cpp
D:\Users\pbsds\Desktop\Programming\python\small projects\citra autobuilder\workspace\citra\src\core\hle\service\soc_u.cpp(471): warning C4996: 'gethostbyname': Use getaddrinfo() or GetAddrInfoW() instead or define _WINSOCK_DEPRECATED_NO_WARNINGS to disable deprecated API warnings [D:\Users\pbsds\Desktop\Programming\python\small projects\citra autobuilder\workspace\build\src\core\core.vcxproj]
          C:\Program Files (x86)\Windows Kits\8.1\Include\um\winsock2.h(2238) : see declaration of 'gethostbyname'
  srv.cpp
  Generating Code...
  Compiling...
  ssl_c.cpp
  y2r_u.cpp
  config_mem.cpp
  hle.cpp
  shared_page.cpp
  svc.cpp
  gpu.cpp
D:\Users\pbsds\Desktop\Programming\python\small projects\citra autobuilder\workspace\citra\src\video_core/math.h(93): warning C4146: unary minus operator applied to unsigned type, result still unsigned [D:\Users\pbsds\Desktop\Programming\python\small projects\citra autobuilder\workspace\build\src\core\core.vcxproj]
          D:\Users\pbsds\Desktop\Programming\python\small projects\citra autobuilder\workspace\citra\src\video_core/color.h(126) : see reference to class template instantiation 'Math::Vec2<u32>' being compiled
  hw.cpp
D:\Users\pbsds\Desktop\Programming\python\small projects\citra autobuilder\workspace\citra\src\core\hw\hw.cpp(20): warning C4244: 'argument' : conversion from 'u64' to 'u32', possible loss of data [D:\Users\pbsds\Desktop\Programming\python\small projects\citra autobuilder\workspace\build\src\core\core.vcxproj]
          D:\Users\pbsds\Desktop\Programming\python\small projects\citra autobuilder\workspace\citra\src\core\hw\hw.cpp(43) : see reference to function template instantiation 'void HW::Read<u64>(u64 &,const u32)' being compiled
  lcd.cpp
  elf.cpp
  loader.cpp
  ncch.cpp
  3dsx.cpp
  core.cpp
  core_timing.cpp
D:\Users\pbsds\Desktop\Programming\python\small projects\citra autobuilder\workspace\citra\src\core\core_timing.cpp(495): warning C4244: 'argument' : conversion from 's64' to 'int', possible loss of data [D:\Users\pbsds\Desktop\Programming\python\small projects\citra autobuilder\workspace\build\src\core\core.vcxproj]
  mem_map.cpp
  mem_map_funcs.cpp
  settings.cpp
  system.cpp
  Generating Code...
Lib:
  D:\Programs x32\Microsoft Visual Studio 12.0 2013\VC\bin\Lib.exe /OUT:"D:\Users\pbsds\Desktop\Programming\python\small projects\citra autobuilder\workspace\build\src\core\Debug\core.lib" /NOLOGO core.dir\Debug\arm_disasm.obj
  core.dir\Debug\load_symbol_map.obj
  core.dir\Debug\arm_dyncom.obj
  core.dir\Debug\arm_dyncom_dec.obj
  core.dir\Debug\arm_dyncom_interpreter.obj
  core.dir\Debug\arm_dyncom_run.obj
  core.dir\Debug\arm_dyncom_thumb.obj
  core.dir\Debug\armcopro.obj
  core.dir\Debug\arminit.obj
  core.dir\Debug\armsupp.obj
  core.dir\Debug\vfp.obj
  core.dir\Debug\vfpdouble.obj
  core.dir\Debug\vfpinstr.obj
  core.dir\Debug\vfpsingle.obj
  core.dir\Debug\archive_extsavedata.obj
  core.dir\Debug\archive_romfs.obj
  core.dir\Debug\archive_savedata.obj
  core.dir\Debug\archive_savedatacheck.obj
  core.dir\Debug\archive_sdmc.obj
  core.dir\Debug\archive_systemsavedata.obj
  core.dir\Debug\disk_archive.obj
  core.dir\Debug\ivfc_archive.obj
  core.dir\Debug\address_arbiter.obj
  core.dir\Debug\event.obj
  core.dir\Debug\kernel.obj
  core.dir\Debug\mutex.obj
  core.dir\Debug\semaphore.obj
  core.dir\Debug\session.obj
  core.dir\Debug\shared_memory.obj
  core.dir\Debug\timer.obj
  core.dir\Debug\thread.obj
  core.dir\Debug\ac_u.obj
  core.dir\Debug\act_u.obj
  core.dir\Debug\am_app.obj
  core.dir\Debug\am_net.obj
  core.dir\Debug\am_sys.obj
  core.dir\Debug\apt.obj
  core.dir\Debug\apt_a.obj
  core.dir\Debug\apt_s.obj
  core.dir\Debug\apt_u.obj
  core.dir\Debug\boss_p.obj
  core.dir\Debug\boss_u.obj
  core.dir\Debug\cam_u.obj
  core.dir\Debug\cecd_s.obj
  core.dir\Debug\cecd_u.obj
  core.dir\Debug\cfg.obj
  core.dir\Debug\cfg_i.obj
  core.dir\Debug\cfg_s.obj
  core.dir\Debug\cfg_u.obj
  core.dir\Debug\csnd_snd.obj
  core.dir\Debug\dsp_dsp.obj
  core.dir\Debug\err_f.obj
  core.dir\Debug\frd_a.obj
  core.dir\Debug\frd_u.obj
  core.dir\Debug\archive.obj
  core.dir\Debug\fs_user.obj
  core.dir\Debug\gsp_gpu.obj
  core.dir\Debug\hid.obj
  core.dir\Debug\hid_user.obj
  core.dir\Debug\hid_spvr.obj
  core.dir\Debug\gsp_lcd.obj
  core.dir\Debug\http_c.obj
  core.dir\Debug\ir_rst.obj
  core.dir\Debug\ir_u.obj
  core.dir\Debug\ldr_ro.obj
  core.dir\Debug\mic_u.obj
  core.dir\Debug\ndm_u.obj
  core.dir\Debug\news_s.obj
  core.dir\Debug\news_u.obj
  core.dir\Debug\nim_aoc.obj
  core.dir\Debug\ns_s.obj
  core.dir\Debug\nwm_uds.obj
  core.dir\Debug\pm_app.obj
  core.dir\Debug\ptm.obj
  core.dir\Debug\ptm_play.obj
  core.dir\Debug\ptm_u.obj
  core.dir\Debug\ptm_sysm.obj
  core.dir\Debug\service.obj
  core.dir\Debug\soc_u.obj
  core.dir\Debug\srv.obj
  core.dir\Debug\ssl_c.obj
  core.dir\Debug\y2r_u.obj
  core.dir\Debug\config_mem.obj
  core.dir\Debug\hle.obj
  core.dir\Debug\shared_page.obj
  core.dir\Debug\svc.obj
  core.dir\Debug\gpu.obj
  core.dir\Debug\hw.obj
  core.dir\Debug\lcd.obj
  core.dir\Debug\elf.obj
  core.dir\Debug\loader.obj
  core.dir\Debug\ncch.obj
  core.dir\Debug\3dsx.obj
  core.dir\Debug\core.obj
  core.dir\Debug\core_timing.obj
  core.dir\Debug\mem_map.obj
  core.dir\Debug\mem_map_funcs.obj
  core.dir\Debug\settings.obj
  core.dir\Debug\system.obj
  core.vcxproj -> D:\Users\pbsds\Desktop\Programming\python\small projects\citra autobuilder\workspace\build\src\core\Debug\core.lib
FinalizeBuildStatus:
  Deleting file "core.dir\Debug\core.tlog\unsuccessfulbuild".
  Touching "core.dir\Debug\core.tlog\core.lastbuildstate".
Done Building Project "D:\Users\pbsds\Desktop\Programming\python\small projects\citra autobuilder\workspace\build\src\core\core.vcxproj" (default targets).
Done Building Project "D:\Users\pbsds\Desktop\Programming\python\small projects\citra autobuilder\workspace\build\src\core\core.vcxproj.metaproj" (default targets).
Project "D:\Users\pbsds\Desktop\Programming\python\small projects\citra autobuilder\workspace\build\src\citra\citra.vcxproj.metaproj" (2) is building "D:\Users\pbsds\Desktop\Programming\python\small projects\citra autobuilder\workspace\build\externals\inih\inih.vcxproj.metaproj" (8) on node 1 (default targets).
Project "D:\Users\pbsds\Desktop\Programming\python\small projects\citra autobuilder\workspace\build\externals\inih\inih.vcxproj.metaproj" (8) is building "D:\Users\pbsds\Desktop\Programming\python\small projects\citra autobuilder\workspace\build\externals\inih\inih.vcxproj" (9) on node 1 (default targets).
PrepareForBuild:
  Creating directory "inih.dir\Debug\".
  Creating directory "D:\Users\pbsds\Desktop\Programming\python\small projects\citra autobuilder\workspace\build\externals\inih\Debug\".
  Creating directory "inih.dir\Debug\inih.tlog\".
InitializeBuildStatus:
  Creating "inih.dir\Debug\inih.tlog\unsuccessfulbuild" because "AlwaysCreate" was specified.
CustomBuild:
  Building Custom Rule D:/Users/pbsds/Desktop/Programming/python/small projects/citra autobuilder/workspace/citra/externals/inih/CMakeLists.txt
  CMake does not need to re-run because D:\Users\pbsds\Desktop\Programming\python\small projects\citra autobuilder\workspace\build\externals\inih\CMakeFiles\generate.stamp is up-to-date.
ClCompile:
  D:\Programs x32\Microsoft Visual Studio 12.0 2013\VC\bin\CL.exe /c /I"D:\Users\pbsds\Desktop\Programming\python\small projects\citra autobuilder\workspace\citra\externals\boost" /I"D:\Users\pbsds\Desktop\Programming\python\small projects\citra autobuilder\workspace\citra\externals\glfw-3.0.4.bin\include" /I"D:\Users\pbsds\Desktop\Programming\python\small projects\citra autobuilder\workspace\citra\externals\inih" /Zi /nologo /W3 /WX- /Od /Ob0 /Oy- /D WIN32 /D _WINDOWS /D _DEBUG /D _CRT_SECURE_NO_WARNINGS /D SINGLETHREADED /D _DEBUG /D "CMAKE_INTDIR=\"Debug\"" /D _MBCS /Gm- /EHsc /RTC1 /MDd /GS /fp:precise /Zc:wchar_t /Zc:forScope /GR /Fo"inih.dir\Debug\\" /Fd"inih.dir\Debug\vc120.pdb" /Gd /TC /analyze- /errorReport:queue "D:\Users\pbsds\Desktop\Programming\python\small projects\citra autobuilder\workspace\citra\externals\inih\inih\ini.c"
  ini.c
  D:\Programs x32\Microsoft Visual Studio 12.0 2013\VC\bin\CL.exe /c /I"D:\Users\pbsds\Desktop\Programming\python\small projects\citra autobuilder\workspace\citra\externals\boost" /I"D:\Users\pbsds\Desktop\Programming\python\small projects\citra autobuilder\workspace\citra\externals\glfw-3.0.4.bin\include" /I"D:\Users\pbsds\Desktop\Programming\python\small projects\citra autobuilder\workspace\citra\externals\inih" /Zi /nologo /W3 /WX- /Od /Ob0 /Oy- /D WIN32 /D _WINDOWS /D _DEBUG /D _CRT_SECURE_NO_WARNINGS /D SINGLETHREADED /D _DEBUG /D "CMAKE_INTDIR=\"Debug\"" /D _MBCS /Gm- /EHsc /RTC1 /MDd /GS /fp:precise /Zc:wchar_t /Zc:forScope /GR /Fo"inih.dir\Debug\\" /Fd"inih.dir\Debug\vc120.pdb" /Gd /TP /analyze- /errorReport:queue "D:\Users\pbsds\Desktop\Programming\python\small projects\citra autobuilder\workspace\citra\externals\inih\inih\cpp\INIReader.cpp"
  INIReader.cpp
Lib:
  D:\Programs x32\Microsoft Visual Studio 12.0 2013\VC\bin\Lib.exe /OUT:"D:\Users\pbsds\Desktop\Programming\python\small projects\citra autobuilder\workspace\build\externals\inih\Debug\inih.lib" /NOLOGO inih.dir\Debug\ini.obj
  inih.dir\Debug\INIReader.obj
  inih.vcxproj -> D:\Users\pbsds\Desktop\Programming\python\small projects\citra autobuilder\workspace\build\externals\inih\Debug\inih.lib
FinalizeBuildStatus:
  Deleting file "inih.dir\Debug\inih.tlog\unsuccessfulbuild".
  Touching "inih.dir\Debug\inih.tlog\inih.lastbuildstate".
Done Building Project "D:\Users\pbsds\Desktop\Programming\python\small projects\citra autobuilder\workspace\build\externals\inih\inih.vcxproj" (default targets).
Done Building Project "D:\Users\pbsds\Desktop\Programming\python\small projects\citra autobuilder\workspace\build\externals\inih\inih.vcxproj.metaproj" (default targets).
Project "D:\Users\pbsds\Desktop\Programming\python\small projects\citra autobuilder\workspace\build\src\citra\citra.vcxproj.metaproj" (2) is building "D:\Users\pbsds\Desktop\Programming\python\small projects\citra autobuilder\workspace\build\src\video_core\video_core.vcxproj.metaproj" (10) on node 1 (default targets).
Project "D:\Users\pbsds\Desktop\Programming\python\small projects\citra autobuilder\workspace\build\src\video_core\video_core.vcxproj.metaproj" (10) is building "D:\Users\pbsds\Desktop\Programming\python\small projects\citra autobuilder\workspace\build\src\video_core\video_core.vcxproj" (11) on node 1 (default targets).
PrepareForBuild:
  Creating directory "video_core.dir\Debug\".
  Creating directory "D:\Users\pbsds\Desktop\Programming\python\small projects\citra autobuilder\workspace\build\src\video_core\Debug\".
  Creating directory "video_core.dir\Debug\video_core.tlog\".
InitializeBuildStatus:
  Creating "video_core.dir\Debug\video_core.tlog\unsuccessfulbuild" because "AlwaysCreate" was specified.
CustomBuild:
  Building Custom Rule D:/Users/pbsds/Desktop/Programming/python/small projects/citra autobuilder/workspace/citra/src/video_core/CMakeLists.txt
  CMake does not need to re-run because D:\Users\pbsds\Desktop\Programming\python\small projects\citra autobuilder\workspace\build\src\video_core\CMakeFiles\generate.stamp is up-to-date.
ClCompile:
  D:\Programs x32\Microsoft Visual Studio 12.0 2013\VC\bin\CL.exe /c /I"D:\Users\pbsds\Desktop\Programming\python\small projects\citra autobuilder\workspace\citra\externals\boost" /I"D:\Users\pbsds\Desktop\Programming\python\small projects\citra autobuilder\workspace\citra\externals\glfw-3.0.4.bin\include" /I"D:\Users\pbsds\Desktop\Programming\python\small projects\citra autobuilder\workspace\citra\externals\inih" /I"D:\Users\pbsds\Desktop\Programming\python\small projects\citra autobuilder\workspace\citra\externals\nihstro\include" /I"D:\Users\pbsds\Desktop\Programming\python\small projects\citra autobuilder\workspace\citra\src\." /Zi /nologo /W3 /WX- /Od /Ob0 /Oy- /D WIN32 /D _WINDOWS /D _DEBUG /D _CRT_SECURE_NO_WARNINGS /D SINGLETHREADED /D _DEBUG /D "CMAKE_INTDIR=\"Debug\"" /D _MBCS /Gm- /EHsc /RTC1 /MDd /GS /fp:precise /Zc:wchar_t /Zc:forScope /GR /Fo"video_core.dir\Debug\\" /Fd"video_core.dir\Debug\vc120.pdb" /Gd /TC /analyze- /errorReport:queue "D:\Users\pbsds\Desktop\Programming\python\small projects\citra autobuilder\workspace\citra\src\video_core\renderer_opengl\generated\gl_3_2_core.c"
  gl_3_2_core.c
  D:\Programs x32\Microsoft Visual Studio 12.0 2013\VC\bin\CL.exe /c /I"D:\Users\pbsds\Desktop\Programming\python\small projects\citra autobuilder\workspace\citra\externals\boost" /I"D:\Users\pbsds\Desktop\Programming\python\small projects\citra autobuilder\workspace\citra\externals\glfw-3.0.4.bin\include" /I"D:\Users\pbsds\Desktop\Programming\python\small projects\citra autobuilder\workspace\citra\externals\inih" /I"D:\Users\pbsds\Desktop\Programming\python\small projects\citra autobuilder\workspace\citra\externals\nihstro\include" /I"D:\Users\pbsds\Desktop\Programming\python\small projects\citra autobuilder\workspace\citra\src\." /Zi /nologo /W3 /WX- /Od /Ob0 /Oy- /D WIN32 /D _WINDOWS /D _DEBUG /D _CRT_SECURE_NO_WARNINGS /D SINGLETHREADED /D _DEBUG /D "CMAKE_INTDIR=\"Debug\"" /D _MBCS /Gm- /EHsc /RTC1 /MDd /GS /fp:precise /Zc:wchar_t /Zc:forScope /GR /Fo"video_core.dir\Debug\\" /Fd"video_core.dir\Debug\vc120.pdb" /Gd /TP /analyze- /errorReport:queue "D:\Users\pbsds\Desktop\Programming\python\small projects\citra autobuilder\workspace\citra\src\video_core\renderer_opengl\renderer_opengl.cpp" "D:\Users\pbsds\Desktop\Programming\python\small projects\citra autobuilder\workspace\citra\src\video_core\renderer_opengl\gl_shader_util.cpp" "D:\Users\pbsds\Desktop\Programming\python\small projects\citra autobuilder\workspace\citra\src\video_core\debug_utils\debug_utils.cpp" "D:\Users\pbsds\Desktop\Programming\python\small projects\citra autobuilder\workspace\citra\src\video_core\clipper.cpp" "D:\Users\pbsds\Desktop\Programming\python\small projects\citra autobuilder\workspace\citra\src\video_core\command_processor.cpp" "D:\Users\pbsds\Desktop\Programming\python\small projects\citra autobuilder\workspace\citra\src\video_core\primitive_assembly.cpp" "D:\Users\pbsds\Desktop\Programming\python\small projects\citra autobuilder\workspace\citra\src\video_core\rasterizer.cpp" "D:\Users\pbsds\Desktop\Programming\python\small projects\citra autobuilder\workspace\citra\src\video_core\utils.cpp" "D:\Users\pbsds\Desktop\Programming\python\small projects\citra autobuilder\workspace\citra\src\video_core\vertex_shader.cpp" "D:\Users\pbsds\Desktop\Programming\python\small projects\citra autobuilder\workspace\citra\src\video_core\video_core.cpp"
  renderer_opengl.cpp
  gl_shader_util.cpp
  debug_utils.cpp
d:\users\pbsds\desktop\programming\python\small projects\citra autobuilder\workspace\citra\externals\nihstro\include\nihstro\shader_bytecode.h(674): warning C4800: 'unsigned int' : forcing value to bool 'true' or 'false' (performance warning) [D:\Users\pbsds\Desktop\Programming\python\small projects\citra autobuilder\workspace\build\src\video_core\video_core.vcxproj]
D:\Users\pbsds\Desktop\Programming\python\small projects\citra autobuilder\workspace\citra\src\video_core/math.h(93): warning C4146: unary minus operator applied to unsigned type, result still unsigned [D:\Users\pbsds\Desktop\Programming\python\small projects\citra autobuilder\workspace\build\src\video_core\video_core.vcxproj]
          D:\Users\pbsds\Desktop\Programming\python\small projects\citra autobuilder\workspace\citra\src\video_core/color.h(126) : see reference to class template instantiation 'Math::Vec2<u32>' being compiled
D:\Users\pbsds\Desktop\Programming\python\small projects\citra autobuilder\workspace\citra\src\video_core\debug_utils\debug_utils.cpp(484): warning C4244: '=' : conversion from 'u64' to 'int', possible loss of data [D:\Users\pbsds\Desktop\Programming\python\small projects\citra autobuilder\workspace\build\src\video_core\video_core.vcxproj]
D:\Users\pbsds\Desktop\Programming\python\small projects\citra autobuilder\workspace\citra\src\video_core\debug_utils\debug_utils.cpp(485): warning C4244: '=' : conversion from 'u64' to 'int', possible loss of data [D:\Users\pbsds\Desktop\Programming\python\small projects\citra autobuilder\workspace\build\src\video_core\video_core.vcxproj]
D:\Users\pbsds\Desktop\Programming\python\small projects\citra autobuilder\workspace\citra\src\video_core\debug_utils\debug_utils.cpp(486): warning C4244: '=' : conversion from 'u64' to 'int', possible loss of data [D:\Users\pbsds\Desktop\Programming\python\small projects\citra autobuilder\workspace\build\src\video_core\video_core.vcxproj]
D:\Users\pbsds\Desktop\Programming\python\small projects\citra autobuilder\workspace\citra\src\video_core\debug_utils\debug_utils.cpp(488): warning C4244: '+=' : conversion from 's64' to 'int', possible loss of data [D:\Users\pbsds\Desktop\Programming\python\small projects\citra autobuilder\workspace\build\src\video_core\video_core.vcxproj]
D:\Users\pbsds\Desktop\Programming\python\small projects\citra autobuilder\workspace\citra\src\video_core\debug_utils\debug_utils.cpp(489): warning C4244: '+=' : conversion from 's64' to 'int', possible loss of data [D:\Users\pbsds\Desktop\Programming\python\small projects\citra autobuilder\workspace\build\src\video_core\video_core.vcxproj]
D:\Users\pbsds\Desktop\Programming\python\small projects\citra autobuilder\workspace\citra\src\video_core\debug_utils\debug_utils.cpp(490): warning C4244: '+=' : conversion from 's64' to 'int', possible loss of data [D:\Users\pbsds\Desktop\Programming\python\small projects\citra autobuilder\workspace\build\src\video_core\video_core.vcxproj]
D:\Users\pbsds\Desktop\Programming\python\small projects\citra autobuilder\workspace\citra\src\video_core\debug_utils\debug_utils.cpp(497): warning C4244: 'argument' : conversion from 'u64' to 'u8', possible loss of data [D:\Users\pbsds\Desktop\Programming\python\small projects\citra autobuilder\workspace\build\src\video_core\video_core.vcxproj]
D:\Users\pbsds\Desktop\Programming\python\small projects\citra autobuilder\workspace\citra\src\video_core\debug_utils\debug_utils.cpp(498): warning C4244: 'argument' : conversion from 'u64' to 'u8', possible loss of data [D:\Users\pbsds\Desktop\Programming\python\small projects\citra autobuilder\workspace\build\src\video_core\video_core.vcxproj]
D:\Users\pbsds\Desktop\Programming\python\small projects\citra autobuilder\workspace\citra\src\video_core\debug_utils\debug_utils.cpp(499): warning C4244: 'argument' : conversion from 'u64' to 'u8', possible loss of data [D:\Users\pbsds\Desktop\Programming\python\small projects\citra autobuilder\workspace\build\src\video_core\video_core.vcxproj]
D:\Users\pbsds\Desktop\Programming\python\small projects\citra autobuilder\workspace\citra\src\video_core\debug_utils\debug_utils.cpp(501): warning C4244: 'argument' : conversion from 'u64' to 'u8', possible loss of data [D:\Users\pbsds\Desktop\Programming\python\small projects\citra autobuilder\workspace\build\src\video_core\video_core.vcxproj]
D:\Users\pbsds\Desktop\Programming\python\small projects\citra autobuilder\workspace\citra\src\video_core\debug_utils\debug_utils.cpp(502): warning C4244: 'argument' : conversion from 'u64' to 'u8', possible loss of data [D:\Users\pbsds\Desktop\Programming\python\small projects\citra autobuilder\workspace\build\src\video_core\video_core.vcxproj]
D:\Users\pbsds\Desktop\Programming\python\small projects\citra autobuilder\workspace\citra\src\video_core\debug_utils\debug_utils.cpp(503): warning C4244: 'argument' : conversion from 'u64' to 'u8', possible loss of data [D:\Users\pbsds\Desktop\Programming\python\small projects\citra autobuilder\workspace\build\src\video_core\video_core.vcxproj]
D:\Users\pbsds\Desktop\Programming\python\small projects\citra autobuilder\workspace\citra\src\video_core\debug_utils\debug_utils.cpp(508): warning C4244: 'initializing' : conversion from 'u64' to 'unsigned int', possible loss of data [D:\Users\pbsds\Desktop\Programming\python\small projects\citra autobuilder\workspace\build\src\video_core\video_core.vcxproj]
  clipper.cpp
D:\Users\pbsds\Desktop\Programming\python\small projects\citra autobuilder\workspace\citra\src\video_core\clipper.cpp(96): warning C4305: 'argument' : truncation from 'double' to 'float' [D:\Users\pbsds\Desktop\Programming\python\small projects\citra autobuilder\workspace\build\src\video_core\video_core.vcxproj]
  command_processor.cpp
  primitive_assembly.cpp
  rasterizer.cpp
D:\Users\pbsds\Desktop\Programming\python\small projects\citra autobuilder\workspace\citra\src\video_core/math.h(93): warning C4146: unary minus operator applied to unsigned type, result still unsigned [D:\Users\pbsds\Desktop\Programming\python\small projects\citra autobuilder\workspace\build\src\video_core\video_core.vcxproj]
          d:\users\pbsds\desktop\programming\python\small projects\citra autobuilder\workspace\citra\src\video_core\color.h(126) : see reference to class template instantiation 'Math::Vec2<u32>' being compiled
D:\Users\pbsds\Desktop\Programming\python\small projects\citra autobuilder\workspace\citra\src\video_core\rasterizer.cpp(346): warning C4018: '>=' : signed/unsigned mismatch [D:\Users\pbsds\Desktop\Programming\python\small projects\citra autobuilder\workspace\build\src\video_core\video_core.vcxproj]
  utils.cpp
  vertex_shader.cpp
D:\Users\pbsds\Desktop\Programming\python\small projects\citra autobuilder\workspace\citra\externals\nihstro\include\nihstro/shader_bytecode.h(674): warning C4800: 'unsigned int' : forcing value to bool 'true' or 'false' (performance warning) [D:\Users\pbsds\Desktop\Programming\python\small projects\citra autobuilder\workspace\build\src\video_core\video_core.vcxproj]
D:\Users\pbsds\Desktop\Programming\python\small projects\citra autobuilder\workspace\citra\src\video_core\vertex_shader.cpp(573): warning C4244: 'argument' : conversion from 'u64' to 'int', possible loss of data [D:\Users\pbsds\Desktop\Programming\python\small projects\citra autobuilder\workspace\build\src\video_core\video_core.vcxproj]
D:\Users\pbsds\Desktop\Programming\python\small projects\citra autobuilder\workspace\citra\src\video_core\vertex_shader.cpp(574): warning C4244: 'argument' : conversion from 'u64' to 'int', possible loss of data [D:\Users\pbsds\Desktop\Programming\python\small projects\citra autobuilder\workspace\build\src\video_core\video_core.vcxproj]
D:\Users\pbsds\Desktop\Programming\python\small projects\citra autobuilder\workspace\citra\src\video_core\vertex_shader.cpp(575): warning C4244: 'argument' : conversion from 'u64' to 'int', possible loss of data [D:\Users\pbsds\Desktop\Programming\python\small projects\citra autobuilder\workspace\build\src\video_core\video_core.vcxproj]
D:\Users\pbsds\Desktop\Programming\python\small projects\citra autobuilder\workspace\citra\src\video_core\vertex_shader.cpp(576): warning C4244: 'argument' : conversion from 'u64' to 'int', possible loss of data [D:\Users\pbsds\Desktop\Programming\python\small projects\citra autobuilder\workspace\build\src\video_core\video_core.vcxproj]
D:\Users\pbsds\Desktop\Programming\python\small projects\citra autobuilder\workspace\citra\src\video_core\vertex_shader.cpp(577): warning C4244: 'argument' : conversion from 'u64' to 'int', possible loss of data [D:\Users\pbsds\Desktop\Programming\python\small projects\citra autobuilder\workspace\build\src\video_core\video_core.vcxproj]
D:\Users\pbsds\Desktop\Programming\python\small projects\citra autobuilder\workspace\citra\src\video_core\vertex_shader.cpp(578): warning C4244: 'argument' : conversion from 'u64' to 'int', possible loss of data [D:\Users\pbsds\Desktop\Programming\python\small projects\citra autobuilder\workspace\build\src\video_core\video_core.vcxproj]
D:\Users\pbsds\Desktop\Programming\python\small projects\citra autobuilder\workspace\citra\src\video_core\vertex_shader.cpp(579): warning C4244: 'argument' : conversion from 'u64' to 'int', possible loss of data [D:\Users\pbsds\Desktop\Programming\python\small projects\citra autobuilder\workspace\build\src\video_core\video_core.vcxproj]
D:\Users\pbsds\Desktop\Programming\python\small projects\citra autobuilder\workspace\citra\src\video_core\vertex_shader.cpp(580): warning C4244: 'argument' : conversion from 'u64' to 'int', possible loss of data [D:\Users\pbsds\Desktop\Programming\python\small projects\citra autobuilder\workspace\build\src\video_core\video_core.vcxproj]
D:\Users\pbsds\Desktop\Programming\python\small projects\citra autobuilder\workspace\citra\src\video_core\vertex_shader.cpp(581): warning C4244: 'argument' : conversion from 'u64' to 'int', possible loss of data [D:\Users\pbsds\Desktop\Programming\python\small projects\citra autobuilder\workspace\build\src\video_core\video_core.vcxproj]
D:\Users\pbsds\Desktop\Programming\python\small projects\citra autobuilder\workspace\citra\src\video_core\vertex_shader.cpp(582): warning C4244: 'argument' : conversion from 'u64' to 'int', possible loss of data [D:\Users\pbsds\Desktop\Programming\python\small projects\citra autobuilder\workspace\build\src\video_core\video_core.vcxproj]
D:\Users\pbsds\Desktop\Programming\python\small projects\citra autobuilder\workspace\citra\src\video_core\vertex_shader.cpp(583): warning C4244: 'argument' : conversion from 'u64' to 'int', possible loss of data [D:\Users\pbsds\Desktop\Programming\python\small projects\citra autobuilder\workspace\build\src\video_core\video_core.vcxproj]
D:\Users\pbsds\Desktop\Programming\python\small projects\citra autobuilder\workspace\citra\src\video_core\vertex_shader.cpp(584): warning C4244: 'argument' : conversion from 'u64' to 'int', possible loss of data [D:\Users\pbsds\Desktop\Programming\python\small projects\citra autobuilder\workspace\build\src\video_core\video_core.vcxproj]
D:\Users\pbsds\Desktop\Programming\python\small projects\citra autobuilder\workspace\citra\src\video_core\vertex_shader.cpp(585): warning C4244: 'argument' : conversion from 'u64' to 'int', possible loss of data [D:\Users\pbsds\Desktop\Programming\python\small projects\citra autobuilder\workspace\build\src\video_core\video_core.vcxproj]
D:\Users\pbsds\Desktop\Programming\python\small projects\citra autobuilder\workspace\citra\src\video_core\vertex_shader.cpp(586): warning C4244: 'argument' : conversion from 'u64' to 'int', possible loss of data [D:\Users\pbsds\Desktop\Programming\python\small projects\citra autobuilder\workspace\build\src\video_core\video_core.vcxproj]
D:\Users\pbsds\Desktop\Programming\python\small projects\citra autobuilder\workspace\citra\src\video_core\vertex_shader.cpp(587): warning C4244: 'argument' : conversion from 'u64' to 'int', possible loss of data [D:\Users\pbsds\Desktop\Programming\python\small projects\citra autobuilder\workspace\build\src\video_core\video_core.vcxproj]
D:\Users\pbsds\Desktop\Programming\python\small projects\citra autobuilder\workspace\citra\src\video_core\vertex_shader.cpp(588): warning C4244: 'argument' : conversion from 'u64' to 'int', possible loss of data [D:\Users\pbsds\Desktop\Programming\python\small projects\citra autobuilder\workspace\build\src\video_core\video_core.vcxproj]
  video_core.cpp
  Generating Code...
d:\users\pbsds\desktop\programming\python\small projects\citra autobuilder\workspace\citra\src\video_core\vertex_shader.cpp(449): warning C4715: '<lambda_e001c17ce49d3be29c939afd518aa73d>::operator()' : not all control paths return a value [D:\Users\pbsds\Desktop\Programming\python\small projects\citra autobuilder\workspace\build\src\video_core\video_core.vcxproj]
d:\users\pbsds\desktop\programming\python\small projects\citra autobuilder\workspace\citra\externals\nihstro\include\nihstro\shader_bytecode.h(89): warning C4715: 'nihstro::SourceRegister::GetIndex' : not all control paths return a value [D:\Users\pbsds\Desktop\Programming\python\small projects\citra autobuilder\workspace\build\src\video_core\video_core.vcxproj]
d:\users\pbsds\desktop\programming\python\small projects\citra autobuilder\workspace\citra\src\video_core\rasterizer.cpp(446): warning C4715: '<lambda_17198c55d743d082834afadecd370c6d>::operator()' : not all control paths return a value [D:\Users\pbsds\Desktop\Programming\python\small projects\citra autobuilder\workspace\build\src\video_core\video_core.vcxproj]
d:\users\pbsds\desktop\programming\python\small projects\citra autobuilder\workspace\citra\src\video_core\rasterizer.cpp(474): warning C4715: '<lambda_45ba02fbe93d05e77e7e7978374d7f53>::operator()' : not all control paths return a value [D:\Users\pbsds\Desktop\Programming\python\small projects\citra autobuilder\workspace\build\src\video_core\video_core.vcxproj]
Lib:
  D:\Programs x32\Microsoft Visual Studio 12.0 2013\VC\bin\Lib.exe /OUT:"D:\Users\pbsds\Desktop\Programming\python\small projects\citra autobuilder\workspace\build\src\video_core\Debug\video_core.lib" /NOLOGO video_core.dir\Debug\gl_3_2_core.obj
  video_core.dir\Debug\renderer_opengl.obj
  video_core.dir\Debug\gl_shader_util.obj
  video_core.dir\Debug\debug_utils.obj
  video_core.dir\Debug\clipper.obj
  video_core.dir\Debug\command_processor.obj
  video_core.dir\Debug\primitive_assembly.obj
  video_core.dir\Debug\rasterizer.obj
  video_core.dir\Debug\utils.obj
  video_core.dir\Debug\vertex_shader.obj
  video_core.dir\Debug\video_core.obj
  video_core.vcxproj -> D:\Users\pbsds\Desktop\Programming\python\small projects\citra autobuilder\workspace\build\src\video_core\Debug\video_core.lib
FinalizeBuildStatus:
  Deleting file "video_core.dir\Debug\video_core.tlog\unsuccessfulbuild".
  Touching "video_core.dir\Debug\video_core.tlog\video_core.lastbuildstate".
Done Building Project "D:\Users\pbsds\Desktop\Programming\python\small projects\citra autobuilder\workspace\build\src\video_core\video_core.vcxproj" (default targets).
Done Building Project "D:\Users\pbsds\Desktop\Programming\python\small projects\citra autobuilder\workspace\build\src\video_core\video_core.vcxproj.metaproj" (default targets).
Project "D:\Users\pbsds\Desktop\Programming\python\small projects\citra autobuilder\workspace\build\src\citra\citra.vcxproj.metaproj" (2) is building "D:\Users\pbsds\Desktop\Programming\python\small projects\citra autobuilder\workspace\build\src\citra\citra.vcxproj" (12) on node 1 (default targets).
PrepareForBuild:
  Creating directory "citra.dir\Debug\".
  Creating directory "D:\Users\pbsds\Desktop\Programming\python\small projects\citra autobuilder\workspace\build\bin\Debug\".
  Creating directory "citra.dir\Debug\citra.tlog\".
InitializeBuildStatus:
  Creating "citra.dir\Debug\citra.tlog\unsuccessfulbuild" because "AlwaysCreate" was specified.
CustomBuild:
  Building Custom Rule D:/Users/pbsds/Desktop/Programming/python/small projects/citra autobuilder/workspace/citra/src/citra/CMakeLists.txt
  CMake does not need to re-run because D:\Users\pbsds\Desktop\Programming\python\small projects\citra autobuilder\workspace\build\src\citra\CMakeFiles\generate.stamp is up-to-date.
MakeDirsForCl:
  Creating directory "D:\Users\pbsds\Desktop\Programming\python\small projects\citra autobuilder\workspace\build\src\citra\Debug".
ClCompile:
  D:\Programs x32\Microsoft Visual Studio 12.0 2013\VC\bin\CL.exe /c /I"D:\Users\pbsds\Desktop\Programming\python\small projects\citra autobuilder\workspace\citra\externals\boost" /I"D:\Users\pbsds\Desktop\Programming\python\small projects\citra autobuilder\workspace\citra\externals\glfw-3.0.4.bin\include" /I"D:\Users\pbsds\Desktop\Programming\python\small projects\citra autobuilder\workspace\citra\externals\inih" /I"D:\Users\pbsds\Desktop\Programming\python\small projects\citra autobuilder\workspace\citra\externals\nihstro\include" /I"D:\Users\pbsds\Desktop\Programming\python\small projects\citra autobuilder\workspace\citra\src\." /Zi /nologo /W3 /WX- /Od /Ob0 /Oy- /D WIN32 /D _WINDOWS /D _DEBUG /D _CRT_SECURE_NO_WARNINGS /D SINGLETHREADED /D _DEBUG /D "CMAKE_INTDIR=\"Debug\"" /D _MBCS /Gm- /EHsc /RTC1 /MDd /GS /fp:precise /Zc:wchar_t /Zc:forScope /GR /Fo"citra.dir\Debug\\" /Fd"citra.dir\Debug\vc120.pdb" /Gd /TP /analyze- /errorReport:queue "D:\Users\pbsds\Desktop\Programming\python\small projects\citra autobuilder\workspace\citra\src\citra\emu_window\emu_window_glfw.cpp" "D:\Users\pbsds\Desktop\Programming\python\small projects\citra autobuilder\workspace\citra\src\citra\config.cpp"
  emu_window_glfw.cpp
  config.cpp
  Generating Code...
  D:\Programs x32\Microsoft Visual Studio 12.0 2013\VC\bin\CL.exe /c /I"D:\Users\pbsds\Desktop\Programming\python\small projects\citra autobuilder\workspace\citra\externals\boost" /I"D:\Users\pbsds\Desktop\Programming\python\small projects\citra autobuilder\workspace\citra\externals\glfw-3.0.4.bin\include" /I"D:\Users\pbsds\Desktop\Programming\python\small projects\citra autobuilder\workspace\citra\externals\inih" /I"D:\Users\pbsds\Desktop\Programming\python\small projects\citra autobuilder\workspace\citra\externals\nihstro\include" /I"D:\Users\pbsds\Desktop\Programming\python\small projects\citra autobuilder\workspace\citra\src\." /Zi /nologo /W3 /WX- /Od /Ob0 /Oy- /D WIN32 /D _WINDOWS /D _DEBUG /D _CRT_SECURE_NO_WARNINGS /D SINGLETHREADED /D _DEBUG /D "CMAKE_INTDIR=\"Debug\"" /D _MBCS /Gm- /EHsc /RTC1 /MDd /GS /fp:precise /Zc:wchar_t /Zc:forScope /GR /Fo"citra.dir\Debug\/citra.cpp.obj" /Fd"citra.dir\Debug\vc120.pdb" /Gd /TP /analyze- /errorReport:queue "D:\Users\pbsds\Desktop\Programming\python\small projects\citra autobuilder\workspace\citra\src\citra\citra.cpp"
  citra.cpp
ResourceCompile:
  C:\Program Files (x86)\Windows Kits\8.1\bin\x86\rc.exe /D WIN32 /D _WINDOWS /D _DEBUG /D _CRT_SECURE_NO_WARNINGS /D SINGLETHREADED /D _DEBUG /D "CMAKE_INTDIR=\\\"Debug\\\"" /l"0x0409" /I"D:\Users\pbsds\Desktop\Programming\python\small projects\citra autobuilder\workspace\citra\externals\boost" /I"D:\Users\pbsds\Desktop\Programming\python\small projects\citra autobuilder\workspace\citra\externals\glfw-3.0.4.bin\include" /I"D:\Users\pbsds\Desktop\Programming\python\small projects\citra autobuilder\workspace\citra\externals\inih" /I"D:\Users\pbsds\Desktop\Programming\python\small projects\citra autobuilder\workspace\citra\externals\nihstro\include" /I"D:\Users\pbsds\Desktop\Programming\python\small projects\citra autobuilder\workspace\citra\src\." /nologo /fo"citra.dir\Debug\citra.res" "D:\Users\pbsds\Desktop\Programming\python\small projects\citra autobuilder\workspace\citra\src\citra\citra.rc" 
Link:
  D:\Programs x32\Microsoft Visual Studio 12.0 2013\VC\bin\link.exe /ERRORREPORT:QUEUE /OUT:"D:\Users\pbsds\Desktop\Programming\python\small projects\citra autobuilder\workspace\build\bin\Debug\citra.exe" /INCREMENTAL /NOLOGO /LIBPATH:"D:/Users/pbsds/Desktop/Programming/python/small projects/citra autobuilder/workspace/citra/externals/glfw-3.0.4.bin/lib-msvc_v120-Win32" /LIBPATH:"D:/Users/pbsds/Desktop/Programming/python/small projects/citra autobuilder/workspace/citra/externals/glfw-3.0.4.bin/lib-msvc_v120-Win32/Debug" kernel32.lib user32.lib gdi32.lib winspool.lib shell32.lib ole32.lib oleaut32.lib uuid.lib comdlg32.lib advapi32.lib ..\core\Debug\core.lib ..\common\Debug\common.lib ..\video_core\Debug\video_core.lib glfw3.lib opengl32.lib ..\..\externals\inih\Debug\inih.lib winmm.lib ws2_32.lib /MANIFEST /MANIFESTUAC:"level='asInvoker' uiAccess='false'" /manifest:embed /DEBUG /PDB:"D:/Users/pbsds/Desktop/Programming/python/small projects/citra autobuilder/workspace/build/bin/Debug/citra.pdb" /SUBSYSTEM:CONSOLE /TLBID:1 /DYNAMICBASE /NXCOMPAT /IMPLIB:"D:/Users/pbsds/Desktop/Programming/python/small projects/citra autobuilder/workspace/build/src/citra/Debug/citra.lib" /MACHINE:X86 /SAFESEH  /machine:X86 /debug citra.dir\Debug\citra.res
  citra.dir\Debug\emu_window_glfw.obj
  citra.dir\Debug\config.obj
  citra.dir\Debug\/citra.cpp.obj
LINK : warning LNK4098: defaultlib 'MSVCRT' conflicts with use of other libs; use /NODEFAULTLIB:library [D:\Users\pbsds\Desktop\Programming\python\small projects\citra autobuilder\workspace\build\src\citra\citra.vcxproj]
  citra.vcxproj -> D:\Users\pbsds\Desktop\Programming\python\small projects\citra autobuilder\workspace\build\bin\Debug\citra.exe
FinalizeBuildStatus:
  Deleting file "citra.dir\Debug\citra.tlog\unsuccessfulbuild".
  Touching "citra.dir\Debug\citra.tlog\citra.lastbuildstate".
Done Building Project "D:\Users\pbsds\Desktop\Programming\python\small projects\citra autobuilder\workspace\build\src\citra\citra.vcxproj" (default targets).
Done Building Project "D:\Users\pbsds\Desktop\Programming\python\small projects\citra autobuilder\workspace\build\src\citra\citra.vcxproj.metaproj" (default targets).
Done Building Project "D:\Users\pbsds\Desktop\Programming\python\small projects\citra autobuilder\workspace\build\citra.sln" (citra target(s)).

Build succeeded.

"D:\Users\pbsds\Desktop\Programming\python\small projects\citra autobuilder\workspace\build\citra.sln" (citra target) (1) ->
"D:\Users\pbsds\Desktop\Programming\python\small projects\citra autobuilder\workspace\build\src\citra\citra.vcxproj.metaproj" (default target) (2) ->
"D:\Users\pbsds\Desktop\Programming\python\small projects\citra autobuilder\workspace\build\src\core\core.vcxproj.metaproj" (default target) (6) ->
"D:\Users\pbsds\Desktop\Programming\python\small projects\citra autobuilder\workspace\build\src\core\core.vcxproj" (default target) (7) ->
(ClCompile target) -> 
  D:\Users\pbsds\Desktop\Programming\python\small projects\citra autobuilder\workspace\citra\src\core/arm/dyncom/arm_dyncom_dec.h(7): warning C4005: 'BITS' : macro redefinition [D:\Users\pbsds\Desktop\Programming\python\small projects\citra autobuilder\workspace\build\src\core\core.vcxproj]
  D:\Users\pbsds\Desktop\Programming\python\small projects\citra autobuilder\workspace\citra\src\core/arm/dyncom/arm_dyncom_dec.h(8): warning C4005: 'BIT' : macro redefinition [D:\Users\pbsds\Desktop\Programming\python\small projects\citra autobuilder\workspace\build\src\core\core.vcxproj]
  D:\Users\pbsds\Desktop\Programming\python\small projects\citra autobuilder\workspace\citra\src\core\arm\dyncom\arm_dyncom_interpreter.cpp(656): warning C4200: nonstandard extension used : zero-sized array in struct/union [D:\Users\pbsds\Desktop\Programming\python\small projects\citra autobuilder\workspace\build\src\core\core.vcxproj]
  D:\Users\pbsds\Desktop\Programming\python\small projects\citra autobuilder\workspace\citra\src\core\arm\skyeye_common\vfp\vfpdouble.cpp(533): warning C4146: unary minus operator applied to unsigned type, result still unsigned [D:\Users\pbsds\Desktop\Programming\python\small projects\citra autobuilder\workspace\build\src\core\core.vcxproj]
  D:\Users\pbsds\Desktop\Programming\python\small projects\citra autobuilder\workspace\citra\src\core\arm\skyeye_common\vfp\vfpdouble.cpp(671): warning C4146: unary minus operator applied to unsigned type, result still unsigned [D:\Users\pbsds\Desktop\Programming\python\small projects\citra autobuilder\workspace\build\src\core\core.vcxproj]
  D:\Users\pbsds\Desktop\Programming\python\small projects\citra autobuilder\workspace\citra\src\core\arm\skyeye_common\vfp\vfpdouble.cpp(819): warning C4146: unary minus operator applied to unsigned type, result still unsigned [D:\Users\pbsds\Desktop\Programming\python\small projects\citra autobuilder\workspace\build\src\core\core.vcxproj]
  D:\Users\pbsds\Desktop\Programming\python\small projects\citra autobuilder\workspace\citra\src\core\arm\skyeye_common\vfp\vfpsingle.cpp(391): warning C4804: '<<=' : unsafe use of type 'bool' in operation [D:\Users\pbsds\Desktop\Programming\python\small projects\citra autobuilder\workspace\build\src\core\core.vcxproj]
  D:\Users\pbsds\Desktop\Programming\python\small projects\citra autobuilder\workspace\citra\src\core\file_sys\archive_savedatacheck.cpp(40): warning C4244: 'argument' : conversion from 'u64' to 'size_t', possible loss of data [D:\Users\pbsds\Desktop\Programming\python\small projects\citra autobuilder\workspace\build\src\core\core.vcxproj]
  D:\Programs x32\Microsoft Visual Studio 12.0 2013\VC\include\memory(932): warning C4244: 'argument' : conversion from 'u64' to 'unsigned int', possible loss of data [D:\Users\pbsds\Desktop\Programming\python\small projects\citra autobuilder\workspace\build\src\core\core.vcxproj]
  D:\Users\pbsds\Desktop\Programming\python\small projects\citra autobuilder\workspace\citra\src\core\hle\service\cfg\cfg.cpp(214): warning C4996: 'std::basic_string<char16_t,std::char_traits<unsigned short>,std::allocator<char16_t>>::copy': Function call with parameters that may be unsafe - this call relies on the caller to check that the passed values are correct. To disable this warning, use -D_SCL_SECURE_NO_WARNINGS. See documentation on how to use Visual C++ 'Checked Iterators' [D:\Users\pbsds\Desktop\Programming\python\small projects\citra autobuilder\workspace\build\src\core\core.vcxproj]
  D:\Users\pbsds\Desktop\Programming\python\small projects\citra autobuilder\workspace\citra\src\core\hle\service\soc_u.cpp(471): warning C4996: 'gethostbyname': Use getaddrinfo() or GetAddrInfoW() instead or define _WINSOCK_DEPRECATED_NO_WARNINGS to disable deprecated API warnings [D:\Users\pbsds\Desktop\Programming\python\small projects\citra autobuilder\workspace\build\src\core\core.vcxproj]
  D:\Users\pbsds\Desktop\Programming\python\small projects\citra autobuilder\workspace\citra\src\video_core/math.h(93): warning C4146: unary minus operator applied to unsigned type, result still unsigned [D:\Users\pbsds\Desktop\Programming\python\small projects\citra autobuilder\workspace\build\src\core\core.vcxproj]
  D:\Users\pbsds\Desktop\Programming\python\small projects\citra autobuilder\workspace\citra\src\core\hw\hw.cpp(20): warning C4244: 'argument' : conversion from 'u64' to 'u32', possible loss of data [D:\Users\pbsds\Desktop\Programming\python\small projects\citra autobuilder\workspace\build\src\core\core.vcxproj]
  D:\Users\pbsds\Desktop\Programming\python\small projects\citra autobuilder\workspace\citra\src\core\core_timing.cpp(495): warning C4244: 'argument' : conversion from 's64' to 'int', possible loss of data [D:\Users\pbsds\Desktop\Programming\python\small projects\citra autobuilder\workspace\build\src\core\core.vcxproj]


"D:\Users\pbsds\Desktop\Programming\python\small projects\citra autobuilder\workspace\build\citra.sln" (citra target) (1) ->
"D:\Users\pbsds\Desktop\Programming\python\small projects\citra autobuilder\workspace\build\src\citra\citra.vcxproj.metaproj" (default target) (2) ->
"D:\Users\pbsds\Desktop\Programming\python\small projects\citra autobuilder\workspace\build\src\video_core\video_core.vcxproj.metaproj" (default target) (10) ->
"D:\Users\pbsds\Desktop\Programming\python\small projects\citra autobuilder\workspace\build\src\video_core\video_core.vcxproj" (default target) (11) ->
  d:\users\pbsds\desktop\programming\python\small projects\citra autobuilder\workspace\citra\externals\nihstro\include\nihstro\shader_bytecode.h(674): warning C4800: 'unsigned int' : forcing value to bool 'true' or 'false' (performance warning) [D:\Users\pbsds\Desktop\Programming\python\small projects\citra autobuilder\workspace\build\src\video_core\video_core.vcxproj]
  D:\Users\pbsds\Desktop\Programming\python\small projects\citra autobuilder\workspace\citra\src\video_core/math.h(93): warning C4146: unary minus operator applied to unsigned type, result still unsigned [D:\Users\pbsds\Desktop\Programming\python\small projects\citra autobuilder\workspace\build\src\video_core\video_core.vcxproj]
  D:\Users\pbsds\Desktop\Programming\python\small projects\citra autobuilder\workspace\citra\src\video_core\debug_utils\debug_utils.cpp(484): warning C4244: '=' : conversion from 'u64' to 'int', possible loss of data [D:\Users\pbsds\Desktop\Programming\python\small projects\citra autobuilder\workspace\build\src\video_core\video_core.vcxproj]
  D:\Users\pbsds\Desktop\Programming\python\small projects\citra autobuilder\workspace\citra\src\video_core\debug_utils\debug_utils.cpp(485): warning C4244: '=' : conversion from 'u64' to 'int', possible loss of data [D:\Users\pbsds\Desktop\Programming\python\small projects\citra autobuilder\workspace\build\src\video_core\video_core.vcxproj]
  D:\Users\pbsds\Desktop\Programming\python\small projects\citra autobuilder\workspace\citra\src\video_core\debug_utils\debug_utils.cpp(486): warning C4244: '=' : conversion from 'u64' to 'int', possible loss of data [D:\Users\pbsds\Desktop\Programming\python\small projects\citra autobuilder\workspace\build\src\video_core\video_core.vcxproj]
  D:\Users\pbsds\Desktop\Programming\python\small projects\citra autobuilder\workspace\citra\src\video_core\debug_utils\debug_utils.cpp(488): warning C4244: '+=' : conversion from 's64' to 'int', possible loss of data [D:\Users\pbsds\Desktop\Programming\python\small projects\citra autobuilder\workspace\build\src\video_core\video_core.vcxproj]
  D:\Users\pbsds\Desktop\Programming\python\small projects\citra autobuilder\workspace\citra\src\video_core\debug_utils\debug_utils.cpp(489): warning C4244: '+=' : conversion from 's64' to 'int', possible loss of data [D:\Users\pbsds\Desktop\Programming\python\small projects\citra autobuilder\workspace\build\src\video_core\video_core.vcxproj]
  D:\Users\pbsds\Desktop\Programming\python\small projects\citra autobuilder\workspace\citra\src\video_core\debug_utils\debug_utils.cpp(490): warning C4244: '+=' : conversion from 's64' to 'int', possible loss of data [D:\Users\pbsds\Desktop\Programming\python\small projects\citra autobuilder\workspace\build\src\video_core\video_core.vcxproj]
  D:\Users\pbsds\Desktop\Programming\python\small projects\citra autobuilder\workspace\citra\src\video_core\debug_utils\debug_utils.cpp(497): warning C4244: 'argument' : conversion from 'u64' to 'u8', possible loss of data [D:\Users\pbsds\Desktop\Programming\python\small projects\citra autobuilder\workspace\build\src\video_core\video_core.vcxproj]
  D:\Users\pbsds\Desktop\Programming\python\small projects\citra autobuilder\workspace\citra\src\video_core\debug_utils\debug_utils.cpp(498): warning C4244: 'argument' : conversion from 'u64' to 'u8', possible loss of data [D:\Users\pbsds\Desktop\Programming\python\small projects\citra autobuilder\workspace\build\src\video_core\video_core.vcxproj]
  D:\Users\pbsds\Desktop\Programming\python\small projects\citra autobuilder\workspace\citra\src\video_core\debug_utils\debug_utils.cpp(499): warning C4244: 'argument' : conversion from 'u64' to 'u8', possible loss of data [D:\Users\pbsds\Desktop\Programming\python\small projects\citra autobuilder\workspace\build\src\video_core\video_core.vcxproj]
  D:\Users\pbsds\Desktop\Programming\python\small projects\citra autobuilder\workspace\citra\src\video_core\debug_utils\debug_utils.cpp(501): warning C4244: 'argument' : conversion from 'u64' to 'u8', possible loss of data [D:\Users\pbsds\Desktop\Programming\python\small projects\citra autobuilder\workspace\build\src\video_core\video_core.vcxproj]
  D:\Users\pbsds\Desktop\Programming\python\small projects\citra autobuilder\workspace\citra\src\video_core\debug_utils\debug_utils.cpp(502): warning C4244: 'argument' : conversion from 'u64' to 'u8', possible loss of data [D:\Users\pbsds\Desktop\Programming\python\small projects\citra autobuilder\workspace\build\src\video_core\video_core.vcxproj]
  D:\Users\pbsds\Desktop\Programming\python\small projects\citra autobuilder\workspace\citra\src\video_core\debug_utils\debug_utils.cpp(503): warning C4244: 'argument' : conversion from 'u64' to 'u8', possible loss of data [D:\Users\pbsds\Desktop\Programming\python\small projects\citra autobuilder\workspace\build\src\video_core\video_core.vcxproj]
  D:\Users\pbsds\Desktop\Programming\python\small projects\citra autobuilder\workspace\citra\src\video_core\debug_utils\debug_utils.cpp(508): warning C4244: 'initializing' : conversion from 'u64' to 'unsigned int', possible loss of data [D:\Users\pbsds\Desktop\Programming\python\small projects\citra autobuilder\workspace\build\src\video_core\video_core.vcxproj]
  D:\Users\pbsds\Desktop\Programming\python\small projects\citra autobuilder\workspace\citra\src\video_core\clipper.cpp(96): warning C4305: 'argument' : truncation from 'double' to 'float' [D:\Users\pbsds\Desktop\Programming\python\small projects\citra autobuilder\workspace\build\src\video_core\video_core.vcxproj]
  D:\Users\pbsds\Desktop\Programming\python\small projects\citra autobuilder\workspace\citra\src\video_core/math.h(93): warning C4146: unary minus operator applied to unsigned type, result still unsigned [D:\Users\pbsds\Desktop\Programming\python\small projects\citra autobuilder\workspace\build\src\video_core\video_core.vcxproj]
  D:\Users\pbsds\Desktop\Programming\python\small projects\citra autobuilder\workspace\citra\src\video_core\rasterizer.cpp(346): warning C4018: '>=' : signed/unsigned mismatch [D:\Users\pbsds\Desktop\Programming\python\small projects\citra autobuilder\workspace\build\src\video_core\video_core.vcxproj]
  D:\Users\pbsds\Desktop\Programming\python\small projects\citra autobuilder\workspace\citra\externals\nihstro\include\nihstro/shader_bytecode.h(674): warning C4800: 'unsigned int' : forcing value to bool 'true' or 'false' (performance warning) [D:\Users\pbsds\Desktop\Programming\python\small projects\citra autobuilder\workspace\build\src\video_core\video_core.vcxproj]
  D:\Users\pbsds\Desktop\Programming\python\small projects\citra autobuilder\workspace\citra\src\video_core\vertex_shader.cpp(573): warning C4244: 'argument' : conversion from 'u64' to 'int', possible loss of data [D:\Users\pbsds\Desktop\Programming\python\small projects\citra autobuilder\workspace\build\src\video_core\video_core.vcxproj]
  D:\Users\pbsds\Desktop\Programming\python\small projects\citra autobuilder\workspace\citra\src\video_core\vertex_shader.cpp(574): warning C4244: 'argument' : conversion from 'u64' to 'int', possible loss of data [D:\Users\pbsds\Desktop\Programming\python\small projects\citra autobuilder\workspace\build\src\video_core\video_core.vcxproj]
  D:\Users\pbsds\Desktop\Programming\python\small projects\citra autobuilder\workspace\citra\src\video_core\vertex_shader.cpp(575): warning C4244: 'argument' : conversion from 'u64' to 'int', possible loss of data [D:\Users\pbsds\Desktop\Programming\python\small projects\citra autobuilder\workspace\build\src\video_core\video_core.vcxproj]
  D:\Users\pbsds\Desktop\Programming\python\small projects\citra autobuilder\workspace\citra\src\video_core\vertex_shader.cpp(576): warning C4244: 'argument' : conversion from 'u64' to 'int', possible loss of data [D:\Users\pbsds\Desktop\Programming\python\small projects\citra autobuilder\workspace\build\src\video_core\video_core.vcxproj]
  D:\Users\pbsds\Desktop\Programming\python\small projects\citra autobuilder\workspace\citra\src\video_core\vertex_shader.cpp(577): warning C4244: 'argument' : conversion from 'u64' to 'int', possible loss of data [D:\Users\pbsds\Desktop\Programming\python\small projects\citra autobuilder\workspace\build\src\video_core\video_core.vcxproj]
  D:\Users\pbsds\Desktop\Programming\python\small projects\citra autobuilder\workspace\citra\src\video_core\vertex_shader.cpp(578): warning C4244: 'argument' : conversion from 'u64' to 'int', possible loss of data [D:\Users\pbsds\Desktop\Programming\python\small projects\citra autobuilder\workspace\build\src\video_core\video_core.vcxproj]
  D:\Users\pbsds\Desktop\Programming\python\small projects\citra autobuilder\workspace\citra\src\video_core\vertex_shader.cpp(579): warning C4244: 'argument' : conversion from 'u64' to 'int', possible loss of data [D:\Users\pbsds\Desktop\Programming\python\small projects\citra autobuilder\workspace\build\src\video_core\video_core.vcxproj]
  D:\Users\pbsds\Desktop\Programming\python\small projects\citra autobuilder\workspace\citra\src\video_core\vertex_shader.cpp(580): warning C4244: 'argument' : conversion from 'u64' to 'int', possible loss of data [D:\Users\pbsds\Desktop\Programming\python\small projects\citra autobuilder\workspace\build\src\video_core\video_core.vcxproj]
  D:\Users\pbsds\Desktop\Programming\python\small projects\citra autobuilder\workspace\citra\src\video_core\vertex_shader.cpp(581): warning C4244: 'argument' : conversion from 'u64' to 'int', possible loss of data [D:\Users\pbsds\Desktop\Programming\python\small projects\citra autobuilder\workspace\build\src\video_core\video_core.vcxproj]
  D:\Users\pbsds\Desktop\Programming\python\small projects\citra autobuilder\workspace\citra\src\video_core\vertex_shader.cpp(582): warning C4244: 'argument' : conversion from 'u64' to 'int', possible loss of data [D:\Users\pbsds\Desktop\Programming\python\small projects\citra autobuilder\workspace\build\src\video_core\video_core.vcxproj]
  D:\Users\pbsds\Desktop\Programming\python\small projects\citra autobuilder\workspace\citra\src\video_core\vertex_shader.cpp(583): warning C4244: 'argument' : conversion from 'u64' to 'int', possible loss of data [D:\Users\pbsds\Desktop\Programming\python\small projects\citra autobuilder\workspace\build\src\video_core\video_core.vcxproj]
  D:\Users\pbsds\Desktop\Programming\python\small projects\citra autobuilder\workspace\citra\src\video_core\vertex_shader.cpp(584): warning C4244: 'argument' : conversion from 'u64' to 'int', possible loss of data [D:\Users\pbsds\Desktop\Programming\python\small projects\citra autobuilder\workspace\build\src\video_core\video_core.vcxproj]
  D:\Users\pbsds\Desktop\Programming\python\small projects\citra autobuilder\workspace\citra\src\video_core\vertex_shader.cpp(585): warning C4244: 'argument' : conversion from 'u64' to 'int', possible loss of data [D:\Users\pbsds\Desktop\Programming\python\small projects\citra autobuilder\workspace\build\src\video_core\video_core.vcxproj]
  D:\Users\pbsds\Desktop\Programming\python\small projects\citra autobuilder\workspace\citra\src\video_core\vertex_shader.cpp(586): warning C4244: 'argument' : conversion from 'u64' to 'int', possible loss of data [D:\Users\pbsds\Desktop\Programming\python\small projects\citra autobuilder\workspace\build\src\video_core\video_core.vcxproj]
  D:\Users\pbsds\Desktop\Programming\python\small projects\citra autobuilder\workspace\citra\src\video_core\vertex_shader.cpp(587): warning C4244: 'argument' : conversion from 'u64' to 'int', possible loss of data [D:\Users\pbsds\Desktop\Programming\python\small projects\citra autobuilder\workspace\build\src\video_core\video_core.vcxproj]
  D:\Users\pbsds\Desktop\Programming\python\small projects\citra autobuilder\workspace\citra\src\video_core\vertex_shader.cpp(588): warning C4244: 'argument' : conversion from 'u64' to 'int', possible loss of data [D:\Users\pbsds\Desktop\Programming\python\small projects\citra autobuilder\workspace\build\src\video_core\video_core.vcxproj]
  d:\users\pbsds\desktop\programming\python\small projects\citra autobuilder\workspace\citra\src\video_core\vertex_shader.cpp(449): warning C4715: '<lambda_e001c17ce49d3be29c939afd518aa73d>::operator()' : not all control paths return a value [D:\Users\pbsds\Desktop\Programming\python\small projects\citra autobuilder\workspace\build\src\video_core\video_core.vcxproj]
  d:\users\pbsds\desktop\programming\python\small projects\citra autobuilder\workspace\citra\externals\nihstro\include\nihstro\shader_bytecode.h(89): warning C4715: 'nihstro::SourceRegister::GetIndex' : not all control paths return a value [D:\Users\pbsds\Desktop\Programming\python\small projects\citra autobuilder\workspace\build\src\video_core\video_core.vcxproj]
  d:\users\pbsds\desktop\programming\python\small projects\citra autobuilder\workspace\citra\src\video_core\rasterizer.cpp(446): warning C4715: '<lambda_17198c55d743d082834afadecd370c6d>::operator()' : not all control paths return a value [D:\Users\pbsds\Desktop\Programming\python\small projects\citra autobuilder\workspace\build\src\video_core\video_core.vcxproj]
  d:\users\pbsds\desktop\programming\python\small projects\citra autobuilder\workspace\citra\src\video_core\rasterizer.cpp(474): warning C4715: '<lambda_45ba02fbe93d05e77e7e7978374d7f53>::operator()' : not all control paths return a value [D:\Users\pbsds\Desktop\Programming\python\small projects\citra autobuilder\workspace\build\src\video_core\video_core.vcxproj]


"D:\Users\pbsds\Desktop\Programming\python\small projects\citra autobuilder\workspace\build\citra.sln" (citra target) (1) ->
"D:\Users\pbsds\Desktop\Programming\python\small projects\citra autobuilder\workspace\build\src\citra\citra.vcxproj.metaproj" (default target) (2) ->
"D:\Users\pbsds\Desktop\Programming\python\small projects\citra autobuilder\workspace\build\src\citra\citra.vcxproj" (default target) (12) ->
(Link target) -> 
  LINK : warning LNK4098: defaultlib 'MSVCRT' conflicts with use of other libs; use /NODEFAULTLIB:library [D:\Users\pbsds\Desktop\Programming\python\small projects\citra autobuilder\workspace\build\src\citra\citra.vcxproj]

    54 Warning(s)
    0 Error(s)

Time Elapsed 00:01:25.40

Cloning citra repository...

Generating CMake...
ech

Configuring CMake...

Generating CMake...

Compiling citra...
